{"C:\\Users\\bryso\\builds\\Event-ticket-system\\eventApi\\src\\index.ts": {"path":"C:\\Users\\bryso\\builds\\Event-ticket-system\\eventApi\\src\\index.ts","statementMap":{"0":{"start":{"line":1,"column":0},"end":{"line":1,"column":30}},"1":{"start":{"line":2,"column":0},"end":{"line":2,"column":42}},"2":{"start":{"line":3,"column":0},"end":{"line":3,"column":48}},"3":{"start":{"line":4,"column":0},"end":{"line":4,"column":48}},"4":{"start":{"line":6,"column":0},"end":{"line":6,"column":42}},"5":{"start":{"line":7,"column":0},"end":{"line":7,"column":42}},"6":{"start":{"line":8,"column":0},"end":{"line":8,"column":62}},"7":{"start":{"line":11,"column":12},"end":{"line":11,"column":21}},"8":{"start":{"line":13,"column":0},"end":{"line":13,"column":24}},"9":{"start":{"line":16,"column":0},"end":{"line":16,"column":14}},"10":{"start":{"line":17,"column":0},"end":{"line":17,"column":13}},"11":{"start":{"line":18,"column":0},"end":{"line":18,"column":13}},"12":{"start":{"line":19,"column":0},"end":{"line":19,"column":11}},"13":{"start":{"line":20,"column":0},"end":{"line":20,"column":11}},"14":{"start":{"line":21,"column":0},"end":{"line":21,"column":12}},"15":{"start":{"line":23,"column":0},"end":{"line":25,"column":3}},"16":{"start":{"line":24,"column":2},"end":{"line":24,"column":26}},"17":{"start":{"line":26,"column":0},"end":{"line":28,"column":3}},"18":{"start":{"line":27,"column":2},"end":{"line":27,"column":60}},"19":{"start":{"line":29,"column":0},"end":{"line":29,"column":19}}},"fnMap":{"0":{"name":"(anonymous_1)","decl":{"start":{"line":23,"column":13},"end":{"line":23,"column":14}},"loc":{"start":{"line":23,"column":26},"end":{"line":25,"column":1}}},"1":{"name":"(anonymous_2)","decl":{"start":{"line":26,"column":17},"end":{"line":26,"column":20}},"loc":{"start":{"line":26,"column":22},"end":{"line":28,"column":1}}}},"branchMap":{},"s":{"0":1,"1":1,"2":1,"3":1,"4":1,"5":1,"6":1,"7":1,"8":1,"9":1,"10":1,"11":1,"12":1,"13":1,"14":1,"15":1,"16":0,"17":1,"18":1,"19":1},"f":{"0":0,"1":1},"b":{}}
,"C:\\Users\\bryso\\builds\\Event-ticket-system\\eventApi\\src\\Events\\event.Service.ts": {"path":"C:\\Users\\bryso\\builds\\Event-ticket-system\\eventApi\\src\\Events\\event.Service.ts","statementMap":{"0":{"start":{"line":1,"column":0},"end":{"line":1,"column":31}},"1":{"start":{"line":2,"column":0},"end":{"line":2,"column":57}},"2":{"start":{"line":3,"column":0},"end":{"line":3,"column":33}},"3":{"start":{"line":5,"column":34},"end":{"line":11,"column":1}},"4":{"start":{"line":6,"column":21},"end":{"line":6,"column":75}},"5":{"start":{"line":7,"column":2},"end":{"line":9,"column":3}},"6":{"start":{"line":8,"column":4},"end":{"line":8,"column":20}},"7":{"start":{"line":10,"column":2},"end":{"line":10,"column":14}},"8":{"start":{"line":5,"column":13},"end":{"line":5,"column":34}},"9":{"start":{"line":13,"column":31},"end":{"line":16,"column":1}},"10":{"start":{"line":14,"column":17},"end":{"line":14,"column":52}},"11":{"start":{"line":15,"column":2},"end":{"line":15,"column":16}},"12":{"start":{"line":13,"column":13},"end":{"line":13,"column":31}},"13":{"start":{"line":19,"column":35},"end":{"line":24,"column":1}},"14":{"start":{"line":20,"column":16},"end":{"line":22,"column":4}},"15":{"start":{"line":23,"column":2},"end":{"line":23,"column":15}},"16":{"start":{"line":19,"column":13},"end":{"line":19,"column":35}},"17":{"start":{"line":26,"column":34},"end":{"line":33,"column":1}},"18":{"start":{"line":27,"column":2},"end":{"line":31,"column":17}},"19":{"start":{"line":32,"column":2},"end":{"line":32,"column":38}},"20":{"start":{"line":26,"column":13},"end":{"line":26,"column":34}},"21":{"start":{"line":35,"column":34},"end":{"line":41,"column":1}},"22":{"start":{"line":36,"column":23},"end":{"line":39,"column":16}},"23":{"start":{"line":40,"column":2},"end":{"line":40,"column":25}},"24":{"start":{"line":35,"column":13},"end":{"line":35,"column":34}}},"fnMap":{"0":{"name":"(anonymous_1)","decl":{"start":{"line":5,"column":34},"end":{"line":5,"column":39}},"loc":{"start":{"line":5,"column":59},"end":{"line":11,"column":1}}},"1":{"name":"(anonymous_2)","decl":{"start":{"line":13,"column":31},"end":{"line":13,"column":36}},"loc":{"start":{"line":13,"column":42},"end":{"line":16,"column":1}}},"2":{"name":"(anonymous_3)","decl":{"start":{"line":19,"column":35},"end":{"line":19,"column":40}},"loc":{"start":{"line":19,"column":56},"end":{"line":24,"column":1}}},"3":{"name":"(anonymous_4)","decl":{"start":{"line":26,"column":34},"end":{"line":26,"column":39}},"loc":{"start":{"line":26,"column":71},"end":{"line":33,"column":1}}},"4":{"name":"(anonymous_5)","decl":{"start":{"line":35,"column":34},"end":{"line":35,"column":39}},"loc":{"start":{"line":35,"column":71},"end":{"line":41,"column":1}}}},"branchMap":{"0":{"loc":{"start":{"line":7,"column":2},"end":{"line":9,"column":3}},"type":"if","locations":[{"start":{"line":7,"column":2},"end":{"line":9,"column":3}},{"start":{},"end":{}}]}},"s":{"0":1,"1":1,"2":1,"3":1,"4":0,"5":0,"6":0,"7":0,"8":1,"9":1,"10":0,"11":0,"12":1,"13":1,"14":0,"15":0,"16":1,"17":1,"18":0,"19":0,"20":1,"21":1,"22":0,"23":0,"24":1},"f":{"0":0,"1":0,"2":0,"3":0,"4":0},"b":{"0":[0,0]}}
,"C:\\Users\\bryso\\builds\\Event-ticket-system\\eventApi\\src\\Events\\event.controller.ts": {"path":"C:\\Users\\bryso\\builds\\Event-ticket-system\\eventApi\\src\\Events\\event.controller.ts","statementMap":{"0":{"start":{"line":2,"column":0},"end":{"line":2,"column":null}},"1":{"start":{"line":11,"column":37},"end":{"line":21,"column":1}},"2":{"start":{"line":12,"column":2},"end":{"line":20,"column":3}},"3":{"start":{"line":13,"column":18},"end":{"line":13,"column":26}},"4":{"start":{"line":15,"column":20},"end":{"line":15,"column":51}},"5":{"start":{"line":16,"column":4},"end":{"line":16,"column":68}},"6":{"start":{"line":16,"column":18},"end":{"line":16,"column":68}},"7":{"start":{"line":17,"column":4},"end":{"line":17,"column":75}},"8":{"start":{"line":19,"column":4},"end":{"line":19,"column":58}},"9":{"start":{"line":11,"column":13},"end":{"line":11,"column":37}},"10":{"start":{"line":24,"column":34},"end":{"line":34,"column":1}},"11":{"start":{"line":25,"column":2},"end":{"line":33,"column":3}},"12":{"start":{"line":26,"column":19},"end":{"line":26,"column":42}},"13":{"start":{"line":27,"column":4},"end":{"line":29,"column":5}},"14":{"start":{"line":28,"column":6},"end":{"line":28,"column":66}},"15":{"start":{"line":30,"column":4},"end":{"line":30,"column":50}},"16":{"start":{"line":32,"column":4},"end":{"line":32,"column":58}},"17":{"start":{"line":24,"column":13},"end":{"line":24,"column":34}},"18":{"start":{"line":37,"column":38},"end":{"line":48,"column":1}},"19":{"start":{"line":38,"column":2},"end":{"line":47,"column":3}},"20":{"start":{"line":39,"column":15},"end":{"line":39,"column":38}},"21":{"start":{"line":40,"column":4},"end":{"line":40,"column":74}},"22":{"start":{"line":40,"column":19},"end":{"line":40,"column":74}},"23":{"start":{"line":42,"column":18},"end":{"line":42,"column":47}},"24":{"start":{"line":43,"column":4},"end":{"line":43,"column":76}},"25":{"start":{"line":43,"column":16},"end":{"line":43,"column":76}},"26":{"start":{"line":44,"column":4},"end":{"line":44,"column":49}},"27":{"start":{"line":46,"column":4},"end":{"line":46,"column":58}},"28":{"start":{"line":37,"column":13},"end":{"line":37,"column":38}},"29":{"start":{"line":51,"column":37},"end":{"line":68,"column":1}},"30":{"start":{"line":52,"column":2},"end":{"line":67,"column":3}},"31":{"start":{"line":53,"column":15},"end":{"line":53,"column":38}},"32":{"start":{"line":54,"column":4},"end":{"line":54,"column":74}},"33":{"start":{"line":54,"column":19},"end":{"line":54,"column":74}},"34":{"start":{"line":56,"column":18},"end":{"line":56,"column":26}},"35":{"start":{"line":57,"column":26},"end":{"line":57,"column":55}},"36":{"start":{"line":58,"column":4},"end":{"line":59,"column":66}},"37":{"start":{"line":59,"column":6},"end":{"line":59,"column":66}},"38":{"start":{"line":62,"column":20},"end":{"line":62,"column":55}},"39":{"start":{"line":63,"column":4},"end":{"line":63,"column":80}},"40":{"start":{"line":63,"column":18},"end":{"line":63,"column":80}},"41":{"start":{"line":64,"column":4},"end":{"line":64,"column":75}},"42":{"start":{"line":66,"column":4},"end":{"line":66,"column":58}},"43":{"start":{"line":51,"column":13},"end":{"line":51,"column":37}},"44":{"start":{"line":71,"column":37},"end":{"line":87,"column":1}},"45":{"start":{"line":72,"column":2},"end":{"line":86,"column":3}},"46":{"start":{"line":73,"column":15},"end":{"line":73,"column":38}},"47":{"start":{"line":74,"column":4},"end":{"line":74,"column":74}},"48":{"start":{"line":74,"column":19},"end":{"line":74,"column":74}},"49":{"start":{"line":76,"column":26},"end":{"line":76,"column":55}},"50":{"start":{"line":77,"column":4},"end":{"line":78,"column":66}},"51":{"start":{"line":78,"column":6},"end":{"line":78,"column":66}},"52":{"start":{"line":80,"column":20},"end":{"line":80,"column":63}},"53":{"start":{"line":81,"column":4},"end":{"line":81,"column":80}},"54":{"start":{"line":81,"column":18},"end":{"line":81,"column":80}},"55":{"start":{"line":83,"column":4},"end":{"line":83,"column":75}},"56":{"start":{"line":85,"column":4},"end":{"line":85,"column":58}},"57":{"start":{"line":71,"column":13},"end":{"line":71,"column":37}}},"fnMap":{"0":{"name":"(anonymous_0)","decl":{"start":{"line":11,"column":37},"end":{"line":11,"column":42}},"loc":{"start":{"line":11,"column":75},"end":{"line":21,"column":1}}},"1":{"name":"(anonymous_1)","decl":{"start":{"line":24,"column":34},"end":{"line":24,"column":39}},"loc":{"start":{"line":24,"column":72},"end":{"line":34,"column":1}}},"2":{"name":"(anonymous_2)","decl":{"start":{"line":37,"column":38},"end":{"line":37,"column":43}},"loc":{"start":{"line":37,"column":76},"end":{"line":48,"column":1}}},"3":{"name":"(anonymous_3)","decl":{"start":{"line":51,"column":37},"end":{"line":51,"column":42}},"loc":{"start":{"line":51,"column":75},"end":{"line":68,"column":1}}},"4":{"name":"(anonymous_4)","decl":{"start":{"line":71,"column":37},"end":{"line":71,"column":42}},"loc":{"start":{"line":71,"column":75},"end":{"line":87,"column":1}}}},"branchMap":{"0":{"loc":{"start":{"line":16,"column":4},"end":{"line":16,"column":68}},"type":"if","locations":[{"start":{"line":16,"column":4},"end":{"line":16,"column":68}},{"start":{},"end":{}}]},"1":{"loc":{"start":{"line":27,"column":4},"end":{"line":29,"column":5}},"type":"if","locations":[{"start":{"line":27,"column":4},"end":{"line":29,"column":5}},{"start":{},"end":{}}]},"2":{"loc":{"start":{"line":27,"column":8},"end":{"line":27,"column":38}},"type":"binary-expr","locations":[{"start":{"line":27,"column":8},"end":{"line":27,"column":15}},{"start":{"line":27,"column":19},"end":{"line":27,"column":38}}]},"3":{"loc":{"start":{"line":40,"column":4},"end":{"line":40,"column":74}},"type":"if","locations":[{"start":{"line":40,"column":4},"end":{"line":40,"column":74}},{"start":{},"end":{}}]},"4":{"loc":{"start":{"line":43,"column":4},"end":{"line":43,"column":76}},"type":"if","locations":[{"start":{"line":43,"column":4},"end":{"line":43,"column":76}},{"start":{},"end":{}}]},"5":{"loc":{"start":{"line":54,"column":4},"end":{"line":54,"column":74}},"type":"if","locations":[{"start":{"line":54,"column":4},"end":{"line":54,"column":74}},{"start":{},"end":{}}]},"6":{"loc":{"start":{"line":58,"column":4},"end":{"line":59,"column":66}},"type":"if","locations":[{"start":{"line":58,"column":4},"end":{"line":59,"column":66}},{"start":{},"end":{}}]},"7":{"loc":{"start":{"line":63,"column":4},"end":{"line":63,"column":80}},"type":"if","locations":[{"start":{"line":63,"column":4},"end":{"line":63,"column":80}},{"start":{},"end":{}}]},"8":{"loc":{"start":{"line":74,"column":4},"end":{"line":74,"column":74}},"type":"if","locations":[{"start":{"line":74,"column":4},"end":{"line":74,"column":74}},{"start":{},"end":{}}]},"9":{"loc":{"start":{"line":77,"column":4},"end":{"line":78,"column":66}},"type":"if","locations":[{"start":{"line":77,"column":4},"end":{"line":78,"column":66}},{"start":{},"end":{}}]},"10":{"loc":{"start":{"line":81,"column":4},"end":{"line":81,"column":80}},"type":"if","locations":[{"start":{"line":81,"column":4},"end":{"line":81,"column":80}},{"start":{},"end":{}}]}},"s":{"0":1,"1":1,"2":0,"3":0,"4":0,"5":0,"6":0,"7":0,"8":0,"9":1,"10":1,"11":0,"12":0,"13":0,"14":0,"15":0,"16":0,"17":1,"18":1,"19":0,"20":0,"21":0,"22":0,"23":0,"24":0,"25":0,"26":0,"27":0,"28":1,"29":1,"30":0,"31":0,"32":0,"33":0,"34":0,"35":0,"36":0,"37":0,"38":0,"39":0,"40":0,"41":0,"42":0,"43":1,"44":1,"45":0,"46":0,"47":0,"48":0,"49":0,"50":0,"51":0,"52":0,"53":0,"54":0,"55":0,"56":0,"57":1},"f":{"0":0,"1":0,"2":0,"3":0,"4":0},"b":{"0":[0,0],"1":[0,0],"2":[0,0],"3":[0,0],"4":[0,0],"5":[0,0],"6":[0,0],"7":[0,0],"8":[0,0],"9":[0,0],"10":[0,0]}}
,"C:\\Users\\bryso\\builds\\Event-ticket-system\\eventApi\\src\\Events\\event.router.ts": {"path":"C:\\Users\\bryso\\builds\\Event-ticket-system\\eventApi\\src\\Events\\event.router.ts","statementMap":{"0":{"start":{"line":3,"column":0},"end":{"line":3,"column":null}},"1":{"start":{"line":10,"column":14},"end":{"line":50,"column":1}},"2":{"start":{"line":11,"column":2},"end":{"line":17,"column":5}},"3":{"start":{"line":12,"column":4},"end":{"line":16,"column":5}},"4":{"start":{"line":13,"column":6},"end":{"line":13,"column":44}},"5":{"start":{"line":15,"column":6},"end":{"line":15,"column":18}},"6":{"start":{"line":19,"column":2},"end":{"line":25,"column":5}},"7":{"start":{"line":20,"column":4},"end":{"line":24,"column":5}},"8":{"start":{"line":21,"column":6},"end":{"line":21,"column":41}},"9":{"start":{"line":23,"column":6},"end":{"line":23,"column":18}},"10":{"start":{"line":27,"column":2},"end":{"line":33,"column":5}},"11":{"start":{"line":28,"column":4},"end":{"line":32,"column":5}},"12":{"start":{"line":29,"column":6},"end":{"line":29,"column":45}},"13":{"start":{"line":31,"column":6},"end":{"line":31,"column":18}},"14":{"start":{"line":35,"column":2},"end":{"line":41,"column":5}},"15":{"start":{"line":36,"column":4},"end":{"line":40,"column":5}},"16":{"start":{"line":37,"column":6},"end":{"line":37,"column":45}},"17":{"start":{"line":39,"column":6},"end":{"line":39,"column":18}},"18":{"start":{"line":43,"column":2},"end":{"line":49,"column":5}},"19":{"start":{"line":44,"column":4},"end":{"line":48,"column":5}},"20":{"start":{"line":45,"column":6},"end":{"line":45,"column":44}},"21":{"start":{"line":47,"column":6},"end":{"line":47,"column":18}},"22":{"start":{"line":51,"column":0},"end":{"line":51,"column":21}}},"fnMap":{"0":{"name":"(anonymous_0)","decl":{"start":{"line":10,"column":14},"end":{"line":10,"column":15}},"loc":{"start":{"line":10,"column":31},"end":{"line":50,"column":1}}},"1":{"name":"(anonymous_1)","decl":{"start":{"line":11,"column":36},"end":{"line":11,"column":41}},"loc":{"start":{"line":11,"column":61},"end":{"line":17,"column":3}}},"2":{"name":"(anonymous_2)","decl":{"start":{"line":19,"column":27},"end":{"line":19,"column":32}},"loc":{"start":{"line":19,"column":52},"end":{"line":25,"column":3}}},"3":{"name":"(anonymous_3)","decl":{"start":{"line":27,"column":30},"end":{"line":27,"column":35}},"loc":{"start":{"line":27,"column":55},"end":{"line":33,"column":3}}},"4":{"name":"(anonymous_4)","decl":{"start":{"line":35,"column":30},"end":{"line":35,"column":35}},"loc":{"start":{"line":35,"column":55},"end":{"line":41,"column":3}}},"5":{"name":"(anonymous_5)","decl":{"start":{"line":43,"column":33},"end":{"line":43,"column":38}},"loc":{"start":{"line":43,"column":58},"end":{"line":49,"column":3}}}},"branchMap":{},"s":{"0":1,"1":1,"2":1,"3":0,"4":0,"5":0,"6":1,"7":0,"8":0,"9":0,"10":1,"11":0,"12":0,"13":0,"14":1,"15":0,"16":0,"17":0,"18":1,"19":0,"20":0,"21":0,"22":1},"f":{"0":1,"1":0,"2":0,"3":0,"4":0,"5":0},"b":{}}
,"C:\\Users\\bryso\\builds\\Event-ticket-system\\eventApi\\src\\auth\\auth.controller.ts": {"path":"C:\\Users\\bryso\\builds\\Event-ticket-system\\eventApi\\src\\auth\\auth.controller.ts","statementMap":{"0":{"start":{"line":1,"column":0},"end":{"line":1,"column":30}},"1":{"start":{"line":3,"column":0},"end":{"line":3,"column":null}},"2":{"start":{"line":15,"column":0},"end":{"line":15,"column":31}},"3":{"start":{"line":16,"column":0},"end":{"line":16,"column":45}},"4":{"start":{"line":20,"column":42},"end":{"line":64,"column":1}},"5":{"start":{"line":24,"column":2},"end":{"line":63,"column":3}},"6":{"start":{"line":25,"column":21},"end":{"line":25,"column":29}},"7":{"start":{"line":26,"column":21},"end":{"line":26,"column":38}},"8":{"start":{"line":27,"column":27},"end":{"line":27,"column":62}},"9":{"start":{"line":28,"column":4},"end":{"line":28,"column":39}},"10":{"start":{"line":31,"column":29},"end":{"line":33,"column":16}},"11":{"start":{"line":34,"column":4},"end":{"line":34,"column":49}},"12":{"start":{"line":35,"column":4},"end":{"line":35,"column":32}},"13":{"start":{"line":37,"column":23},"end":{"line":37,"column":60}},"14":{"start":{"line":38,"column":4},"end":{"line":38,"column":70}},"15":{"start":{"line":38,"column":21},"end":{"line":38,"column":70}},"16":{"start":{"line":40,"column":4},"end":{"line":53,"column":5}},"17":{"start":{"line":41,"column":6},"end":{"line":50,"column":8}},"18":{"start":{"line":52,"column":6},"end":{"line":52,"column":70}},"19":{"start":{"line":54,"column":4},"end":{"line":56,"column":75}},"20":{"start":{"line":62,"column":4},"end":{"line":62,"column":58}},"21":{"start":{"line":20,"column":13},"end":{"line":20,"column":42}},"22":{"start":{"line":66,"column":40},"end":{"line":99,"column":1}},"23":{"start":{"line":67,"column":26},"end":{"line":67,"column":34}},"24":{"start":{"line":68,"column":2},"end":{"line":98,"column":3}},"25":{"start":{"line":69,"column":21},"end":{"line":69,"column":59}},"26":{"start":{"line":70,"column":4},"end":{"line":72,"column":5}},"27":{"start":{"line":71,"column":6},"end":{"line":71,"column":69}},"28":{"start":{"line":74,"column":4},"end":{"line":95,"column":5}},"29":{"start":{"line":75,"column":6},"end":{"line":75,"column":41}},"30":{"start":{"line":77,"column":6},"end":{"line":90,"column":7}},"31":{"start":{"line":78,"column":8},"end":{"line":87,"column":10}},"32":{"start":{"line":89,"column":8},"end":{"line":89,"column":75}},"33":{"start":{"line":92,"column":6},"end":{"line":92,"column":77}},"34":{"start":{"line":94,"column":6},"end":{"line":94,"column":76}},"35":{"start":{"line":97,"column":4},"end":{"line":97,"column":58}},"36":{"start":{"line":66,"column":13},"end":{"line":66,"column":40}},"37":{"start":{"line":101,"column":39},"end":{"line":174,"column":1}},"38":{"start":{"line":102,"column":2},"end":{"line":173,"column":3}},"39":{"start":{"line":103,"column":32},"end":{"line":103,"column":64}},"40":{"start":{"line":105,"column":4},"end":{"line":109,"column":5}},"41":{"start":{"line":106,"column":6},"end":{"line":108,"column":80}},"42":{"start":{"line":110,"column":4},"end":{"line":114,"column":5}},"43":{"start":{"line":111,"column":6},"end":{"line":113,"column":9}},"44":{"start":{"line":116,"column":26},"end":{"line":116,"column":64}},"45":{"start":{"line":118,"column":4},"end":{"line":120,"column":5}},"46":{"start":{"line":119,"column":6},"end":{"line":119,"column":70}},"47":{"start":{"line":122,"column":22},"end":{"line":124,"column":null}},"48":{"start":{"line":127,"column":4},"end":{"line":129,"column":5}},"49":{"start":{"line":128,"column":6},"end":{"line":128,"column":70}},"50":{"start":{"line":132,"column":19},"end":{"line":132,"column":51}},"51":{"start":{"line":135,"column":4},"end":{"line":142,"column":5}},"52":{"start":{"line":136,"column":6},"end":{"line":138,"column":8}},"53":{"start":{"line":139,"column":6},"end":{"line":141,"column":9}},"54":{"start":{"line":145,"column":20},"end":{"line":152,"column":6}},"55":{"start":{"line":154,"column":18},"end":{"line":154,"column":43}},"56":{"start":{"line":156,"column":4},"end":{"line":167,"column":7}},"57":{"start":{"line":169,"column":4},"end":{"line":169,"column":41}},"58":{"start":{"line":170,"column":4},"end":{"line":172,"column":71}},"59":{"start":{"line":101,"column":13},"end":{"line":101,"column":39}},"60":{"start":{"line":225,"column":37},"end":{"line":235,"column":1}},"61":{"start":{"line":226,"column":2},"end":{"line":234,"column":3}},"62":{"start":{"line":227,"column":22},"end":{"line":227,"column":48}},"63":{"start":{"line":228,"column":4},"end":{"line":230,"column":5}},"64":{"start":{"line":229,"column":6},"end":{"line":229,"column":69}},"65":{"start":{"line":231,"column":4},"end":{"line":231,"column":53}},"66":{"start":{"line":233,"column":4},"end":{"line":233,"column":58}},"67":{"start":{"line":225,"column":13},"end":{"line":225,"column":37}},"68":{"start":{"line":238,"column":41},"end":{"line":256,"column":1}},"69":{"start":{"line":242,"column":2},"end":{"line":255,"column":3}},"70":{"start":{"line":243,"column":15},"end":{"line":243,"column":38}},"71":{"start":{"line":244,"column":4},"end":{"line":246,"column":5}},"72":{"start":{"line":245,"column":6},"end":{"line":245,"column":61}},"73":{"start":{"line":248,"column":21},"end":{"line":248,"column":53}},"74":{"start":{"line":249,"column":4},"end":{"line":251,"column":5}},"75":{"start":{"line":250,"column":6},"end":{"line":250,"column":69}},"76":{"start":{"line":252,"column":4},"end":{"line":252,"column":52}},"77":{"start":{"line":254,"column":4},"end":{"line":254,"column":58}},"78":{"start":{"line":238,"column":13},"end":{"line":238,"column":41}},"79":{"start":{"line":259,"column":40},"end":{"line":286,"column":1}},"80":{"start":{"line":260,"column":2},"end":{"line":285,"column":3}},"81":{"start":{"line":261,"column":15},"end":{"line":261,"column":38}},"82":{"start":{"line":262,"column":4},"end":{"line":264,"column":5}},"83":{"start":{"line":263,"column":6},"end":{"line":263,"column":61}},"84":{"start":{"line":266,"column":21},"end":{"line":266,"column":29}},"85":{"start":{"line":269,"column":4},"end":{"line":271,"column":5}},"86":{"start":{"line":270,"column":6},"end":{"line":270,"column":52}},"87":{"start":{"line":273,"column":29},"end":{"line":273,"column":61}},"88":{"start":{"line":274,"column":4},"end":{"line":276,"column":5}},"89":{"start":{"line":275,"column":6},"end":{"line":275,"column":69}},"90":{"start":{"line":278,"column":28},"end":{"line":278,"column":69}},"91":{"start":{"line":279,"column":4},"end":{"line":281,"column":5}},"92":{"start":{"line":280,"column":6},"end":{"line":280,"column":71}},"93":{"start":{"line":282,"column":4},"end":{"line":282,"column":78}},"94":{"start":{"line":284,"column":4},"end":{"line":284,"column":58}},"95":{"start":{"line":259,"column":13},"end":{"line":259,"column":40}},"96":{"start":{"line":290,"column":40},"end":{"line":311,"column":1}},"97":{"start":{"line":291,"column":2},"end":{"line":310,"column":3}},"98":{"start":{"line":292,"column":15},"end":{"line":292,"column":38}},"99":{"start":{"line":293,"column":4},"end":{"line":295,"column":5}},"100":{"start":{"line":294,"column":6},"end":{"line":294,"column":61}},"101":{"start":{"line":297,"column":29},"end":{"line":297,"column":61}},"102":{"start":{"line":298,"column":4},"end":{"line":300,"column":5}},"103":{"start":{"line":299,"column":6},"end":{"line":299,"column":69}},"104":{"start":{"line":302,"column":20},"end":{"line":302,"column":51}},"105":{"start":{"line":303,"column":4},"end":{"line":305,"column":5}},"106":{"start":{"line":304,"column":6},"end":{"line":304,"column":71}},"107":{"start":{"line":307,"column":4},"end":{"line":307,"column":78}},"108":{"start":{"line":309,"column":4},"end":{"line":309,"column":58}},"109":{"start":{"line":290,"column":13},"end":{"line":290,"column":40}}},"fnMap":{"0":{"name":"(anonymous_1)","decl":{"start":{"line":20,"column":42},"end":{"line":20,"column":47}},"loc":{"start":{"line":23,"column":4},"end":{"line":64,"column":1}}},"1":{"name":"(anonymous_2)","decl":{"start":{"line":66,"column":40},"end":{"line":66,"column":45}},"loc":{"start":{"line":66,"column":78},"end":{"line":99,"column":1}}},"2":{"name":"(anonymous_3)","decl":{"start":{"line":101,"column":39},"end":{"line":101,"column":44}},"loc":{"start":{"line":101,"column":77},"end":{"line":174,"column":1}}},"3":{"name":"(anonymous_4)","decl":{"start":{"line":225,"column":37},"end":{"line":225,"column":42}},"loc":{"start":{"line":225,"column":75},"end":{"line":235,"column":1}}},"4":{"name":"(anonymous_5)","decl":{"start":{"line":238,"column":41},"end":{"line":238,"column":46}},"loc":{"start":{"line":241,"column":4},"end":{"line":256,"column":1}}},"5":{"name":"(anonymous_6)","decl":{"start":{"line":259,"column":40},"end":{"line":259,"column":45}},"loc":{"start":{"line":259,"column":78},"end":{"line":286,"column":1}}},"6":{"name":"(anonymous_7)","decl":{"start":{"line":290,"column":40},"end":{"line":290,"column":45}},"loc":{"start":{"line":290,"column":78},"end":{"line":311,"column":1}}}},"branchMap":{"0":{"loc":{"start":{"line":38,"column":4},"end":{"line":38,"column":70}},"type":"if","locations":[{"start":{"line":38,"column":4},"end":{"line":38,"column":70}},{"start":{},"end":{}}]},"1":{"loc":{"start":{"line":70,"column":4},"end":{"line":72,"column":5}},"type":"if","locations":[{"start":{"line":70,"column":4},"end":{"line":72,"column":5}},{"start":{},"end":{}}]},"2":{"loc":{"start":{"line":74,"column":4},"end":{"line":95,"column":5}},"type":"if","locations":[{"start":{"line":74,"column":4},"end":{"line":95,"column":5}},{"start":{"line":93,"column":11},"end":{"line":95,"column":5}}]},"3":{"loc":{"start":{"line":105,"column":4},"end":{"line":109,"column":5}},"type":"if","locations":[{"start":{"line":105,"column":4},"end":{"line":109,"column":5}},{"start":{},"end":{}}]},"4":{"loc":{"start":{"line":105,"column":8},"end":{"line":105,"column":66}},"type":"binary-expr","locations":[{"start":{"line":105,"column":8},"end":{"line":105,"column":14}},{"start":{"line":105,"column":18},"end":{"line":105,"column":43}},{"start":{"line":105,"column":47},"end":{"line":105,"column":66}}]},"5":{"loc":{"start":{"line":110,"column":4},"end":{"line":114,"column":5}},"type":"if","locations":[{"start":{"line":110,"column":4},"end":{"line":114,"column":5}},{"start":{},"end":{}}]},"6":{"loc":{"start":{"line":110,"column":8},"end":{"line":110,"column":74}},"type":"binary-expr","locations":[{"start":{"line":110,"column":8},"end":{"line":110,"column":17}},{"start":{"line":110,"column":21},"end":{"line":110,"column":49}},{"start":{"line":110,"column":53},"end":{"line":110,"column":74}}]},"7":{"loc":{"start":{"line":118,"column":4},"end":{"line":120,"column":5}},"type":"if","locations":[{"start":{"line":118,"column":4},"end":{"line":120,"column":5}},{"start":{},"end":{}}]},"8":{"loc":{"start":{"line":127,"column":4},"end":{"line":129,"column":5}},"type":"if","locations":[{"start":{"line":127,"column":4},"end":{"line":129,"column":5}},{"start":{},"end":{}}]},"9":{"loc":{"start":{"line":135,"column":4},"end":{"line":142,"column":5}},"type":"if","locations":[{"start":{"line":135,"column":4},"end":{"line":142,"column":5}},{"start":{},"end":{}}]},"10":{"loc":{"start":{"line":228,"column":4},"end":{"line":230,"column":5}},"type":"if","locations":[{"start":{"line":228,"column":4},"end":{"line":230,"column":5}},{"start":{},"end":{}}]},"11":{"loc":{"start":{"line":228,"column":8},"end":{"line":228,"column":44}},"type":"binary-expr","locations":[{"start":{"line":228,"column":8},"end":{"line":228,"column":18}},{"start":{"line":228,"column":22},"end":{"line":228,"column":44}}]},"12":{"loc":{"start":{"line":244,"column":4},"end":{"line":246,"column":5}},"type":"if","locations":[{"start":{"line":244,"column":4},"end":{"line":246,"column":5}},{"start":{},"end":{}}]},"13":{"loc":{"start":{"line":249,"column":4},"end":{"line":251,"column":5}},"type":"if","locations":[{"start":{"line":249,"column":4},"end":{"line":251,"column":5}},{"start":{},"end":{}}]},"14":{"loc":{"start":{"line":262,"column":4},"end":{"line":264,"column":5}},"type":"if","locations":[{"start":{"line":262,"column":4},"end":{"line":264,"column":5}},{"start":{},"end":{}}]},"15":{"loc":{"start":{"line":269,"column":4},"end":{"line":271,"column":5}},"type":"if","locations":[{"start":{"line":269,"column":4},"end":{"line":271,"column":5}},{"start":{},"end":{}}]},"16":{"loc":{"start":{"line":274,"column":4},"end":{"line":276,"column":5}},"type":"if","locations":[{"start":{"line":274,"column":4},"end":{"line":276,"column":5}},{"start":{},"end":{}}]},"17":{"loc":{"start":{"line":279,"column":4},"end":{"line":281,"column":5}},"type":"if","locations":[{"start":{"line":279,"column":4},"end":{"line":281,"column":5}},{"start":{},"end":{}}]},"18":{"loc":{"start":{"line":293,"column":4},"end":{"line":295,"column":5}},"type":"if","locations":[{"start":{"line":293,"column":4},"end":{"line":295,"column":5}},{"start":{},"end":{}}]},"19":{"loc":{"start":{"line":298,"column":4},"end":{"line":300,"column":5}},"type":"if","locations":[{"start":{"line":298,"column":4},"end":{"line":300,"column":5}},{"start":{},"end":{}}]},"20":{"loc":{"start":{"line":303,"column":4},"end":{"line":305,"column":5}},"type":"if","locations":[{"start":{"line":303,"column":4},"end":{"line":305,"column":5}},{"start":{},"end":{}}]}},"s":{"0":1,"1":1,"2":1,"3":1,"4":1,"5":0,"6":0,"7":0,"8":0,"9":0,"10":0,"11":0,"12":0,"13":0,"14":0,"15":0,"16":0,"17":0,"18":0,"19":0,"20":0,"21":1,"22":1,"23":0,"24":0,"25":0,"26":0,"27":0,"28":0,"29":0,"30":0,"31":0,"32":0,"33":0,"34":0,"35":0,"36":1,"37":1,"38":2,"39":2,"40":2,"41":0,"42":2,"43":0,"44":2,"45":2,"46":0,"47":2,"48":2,"49":0,"50":2,"51":2,"52":0,"53":0,"54":2,"55":2,"56":2,"57":0,"58":0,"59":1,"60":1,"61":0,"62":0,"63":0,"64":0,"65":0,"66":0,"67":1,"68":1,"69":0,"70":0,"71":0,"72":0,"73":0,"74":0,"75":0,"76":0,"77":0,"78":1,"79":1,"80":0,"81":0,"82":0,"83":0,"84":0,"85":0,"86":0,"87":0,"88":0,"89":0,"90":0,"91":0,"92":0,"93":0,"94":0,"95":1,"96":1,"97":0,"98":0,"99":0,"100":0,"101":0,"102":0,"103":0,"104":0,"105":0,"106":0,"107":0,"108":0,"109":1},"f":{"0":0,"1":0,"2":2,"3":0,"4":0,"5":0,"6":0},"b":{"0":[0,0],"1":[0,0],"2":[0,0],"3":[0,2],"4":[2,2,2],"5":[0,2],"6":[2,2,2],"7":[0,2],"8":[0,2],"9":[0,2],"10":[0,0],"11":[0,0],"12":[0,0],"13":[0,0],"14":[0,0],"15":[0,0],"16":[0,0],"17":[0,0],"18":[0,0],"19":[0,0],"20":[0,0]}}
,"C:\\Users\\bryso\\builds\\Event-ticket-system\\eventApi\\src\\auth\\auth.router.ts": {"path":"C:\\Users\\bryso\\builds\\Event-ticket-system\\eventApi\\src\\auth\\auth.router.ts","statementMap":{"0":{"start":{"line":4,"column":0},"end":{"line":4,"column":null}},"1":{"start":{"line":14,"column":17},"end":{"line":75,"column":1}},"2":{"start":{"line":15,"column":2},"end":{"line":21,"column":5}},"3":{"start":{"line":16,"column":4},"end":{"line":20,"column":5}},"4":{"start":{"line":17,"column":6},"end":{"line":17,"column":49}},"5":{"start":{"line":19,"column":6},"end":{"line":19,"column":18}},"6":{"start":{"line":24,"column":2},"end":{"line":30,"column":5}},"7":{"start":{"line":25,"column":4},"end":{"line":29,"column":5}},"8":{"start":{"line":26,"column":6},"end":{"line":26,"column":44}},"9":{"start":{"line":28,"column":6},"end":{"line":28,"column":18}},"10":{"start":{"line":33,"column":2},"end":{"line":39,"column":5}},"11":{"start":{"line":34,"column":4},"end":{"line":38,"column":5}},"12":{"start":{"line":35,"column":6},"end":{"line":35,"column":48}},"13":{"start":{"line":37,"column":6},"end":{"line":37,"column":18}},"14":{"start":{"line":42,"column":2},"end":{"line":48,"column":5}},"15":{"start":{"line":43,"column":4},"end":{"line":47,"column":5}},"16":{"start":{"line":44,"column":6},"end":{"line":44,"column":47}},"17":{"start":{"line":46,"column":6},"end":{"line":46,"column":18}},"18":{"start":{"line":51,"column":2},"end":{"line":57,"column":5}},"19":{"start":{"line":52,"column":4},"end":{"line":56,"column":5}},"20":{"start":{"line":53,"column":6},"end":{"line":53,"column":47}},"21":{"start":{"line":55,"column":6},"end":{"line":55,"column":18}},"22":{"start":{"line":60,"column":2},"end":{"line":66,"column":5}},"23":{"start":{"line":61,"column":4},"end":{"line":65,"column":5}},"24":{"start":{"line":62,"column":6},"end":{"line":62,"column":46}},"25":{"start":{"line":64,"column":6},"end":{"line":64,"column":18}},"26":{"start":{"line":68,"column":2},"end":{"line":74,"column":5}},"27":{"start":{"line":69,"column":4},"end":{"line":73,"column":5}},"28":{"start":{"line":70,"column":6},"end":{"line":70,"column":47}},"29":{"start":{"line":72,"column":6},"end":{"line":72,"column":18}},"30":{"start":{"line":77,"column":0},"end":{"line":77,"column":24}}},"fnMap":{"0":{"name":"(anonymous_0)","decl":{"start":{"line":14,"column":17},"end":{"line":14,"column":18}},"loc":{"start":{"line":14,"column":34},"end":{"line":75,"column":1}}},"1":{"name":"(anonymous_1)","decl":{"start":{"line":15,"column":35},"end":{"line":15,"column":40}},"loc":{"start":{"line":15,"column":60},"end":{"line":21,"column":3}}},"2":{"name":"(anonymous_2)","decl":{"start":{"line":24,"column":30},"end":{"line":24,"column":35}},"loc":{"start":{"line":24,"column":55},"end":{"line":30,"column":3}}},"3":{"name":"(anonymous_3)","decl":{"start":{"line":33,"column":33},"end":{"line":33,"column":38}},"loc":{"start":{"line":33,"column":58},"end":{"line":39,"column":3}}},"4":{"name":"(anonymous_4)","decl":{"start":{"line":42,"column":33},"end":{"line":42,"column":38}},"loc":{"start":{"line":42,"column":58},"end":{"line":48,"column":3}}},"5":{"name":"(anonymous_5)","decl":{"start":{"line":51,"column":36},"end":{"line":51,"column":41}},"loc":{"start":{"line":51,"column":61},"end":{"line":57,"column":3}}},"6":{"name":"(anonymous_6)","decl":{"start":{"line":60,"column":32},"end":{"line":60,"column":37}},"loc":{"start":{"line":60,"column":57},"end":{"line":66,"column":3}}},"7":{"name":"(anonymous_7)","decl":{"start":{"line":68,"column":33},"end":{"line":68,"column":38}},"loc":{"start":{"line":68,"column":58},"end":{"line":74,"column":3}}}},"branchMap":{},"s":{"0":1,"1":1,"2":1,"3":0,"4":0,"5":0,"6":1,"7":0,"8":0,"9":0,"10":1,"11":0,"12":0,"13":0,"14":1,"15":0,"16":0,"17":0,"18":1,"19":0,"20":0,"21":0,"22":1,"23":2,"24":2,"25":0,"26":1,"27":0,"28":0,"29":0,"30":1},"f":{"0":1,"1":0,"2":0,"3":0,"4":0,"5":0,"6":2,"7":0},"b":{}}
,"C:\\Users\\bryso\\builds\\Event-ticket-system\\eventApi\\src\\auth\\auth.service.ts": {"path":"C:\\Users\\bryso\\builds\\Event-ticket-system\\eventApi\\src\\auth\\auth.service.ts","statementMap":{"0":{"start":{"line":1,"column":0},"end":{"line":1,"column":34}},"1":{"start":{"line":2,"column":0},"end":{"line":2,"column":33}},"2":{"start":{"line":3,"column":0},"end":{"line":3,"column":31}},"3":{"start":{"line":4,"column":0},"end":{"line":4,"column":75}},"4":{"start":{"line":7,"column":37},"end":{"line":10,"column":1}},"5":{"start":{"line":8,"column":2},"end":{"line":8,"column":47}},"6":{"start":{"line":9,"column":2},"end":{"line":9,"column":39}},"7":{"start":{"line":7,"column":13},"end":{"line":7,"column":37}},"8":{"start":{"line":12,"column":37},"end":{"line":17,"column":1}},"9":{"start":{"line":13,"column":2},"end":{"line":16,"column":52}},"10":{"start":{"line":12,"column":13},"end":{"line":12,"column":37}},"11":{"start":{"line":19,"column":36},"end":{"line":33,"column":1}},"12":{"start":{"line":20,"column":20},"end":{"line":20,"column":28}},"13":{"start":{"line":22,"column":2},"end":{"line":32,"column":5}},"14":{"start":{"line":19,"column":13},"end":{"line":19,"column":36}},"15":{"start":{"line":81,"column":34},"end":{"line":84,"column":1}},"16":{"start":{"line":82,"column":20},"end":{"line":82,"column":60}},"17":{"start":{"line":83,"column":2},"end":{"line":83,"column":19}},"18":{"start":{"line":81,"column":13},"end":{"line":81,"column":34}},"19":{"start":{"line":87,"column":38},"end":{"line":92,"column":1}},"20":{"start":{"line":88,"column":19},"end":{"line":90,"column":4}},"21":{"start":{"line":91,"column":2},"end":{"line":91,"column":18}},"22":{"start":{"line":87,"column":13},"end":{"line":87,"column":38}},"23":{"start":{"line":94,"column":41},"end":{"line":98,"column":1}},"24":{"start":{"line":95,"column":2},"end":{"line":97,"column":5}},"25":{"start":{"line":94,"column":13},"end":{"line":94,"column":41}},"26":{"start":{"line":101,"column":37},"end":{"line":111,"column":1}},"27":{"start":{"line":105,"column":2},"end":{"line":109,"column":17}},"28":{"start":{"line":110,"column":2},"end":{"line":110,"column":41}},"29":{"start":{"line":101,"column":13},"end":{"line":101,"column":37}},"30":{"start":{"line":114,"column":37},"end":{"line":120,"column":1}},"31":{"start":{"line":115,"column":2},"end":{"line":118,"column":17}},"32":{"start":{"line":119,"column":2},"end":{"line":119,"column":41}},"33":{"start":{"line":114,"column":13},"end":{"line":114,"column":37}}},"fnMap":{"0":{"name":"(anonymous_1)","decl":{"start":{"line":7,"column":37},"end":{"line":7,"column":42}},"loc":{"start":{"line":7,"column":64},"end":{"line":10,"column":1}}},"1":{"name":"(anonymous_2)","decl":{"start":{"line":12,"column":37},"end":{"line":12,"column":42}},"loc":{"start":{"line":12,"column":61},"end":{"line":17,"column":1}}},"2":{"name":"(anonymous_3)","decl":{"start":{"line":19,"column":36},"end":{"line":19,"column":41}},"loc":{"start":{"line":19,"column":67},"end":{"line":33,"column":1}}},"3":{"name":"(anonymous_4)","decl":{"start":{"line":81,"column":34},"end":{"line":81,"column":39}},"loc":{"start":{"line":81,"column":45},"end":{"line":84,"column":1}}},"4":{"name":"(anonymous_5)","decl":{"start":{"line":87,"column":38},"end":{"line":87,"column":43}},"loc":{"start":{"line":87,"column":59},"end":{"line":92,"column":1}}},"5":{"name":"(anonymous_6)","decl":{"start":{"line":94,"column":41},"end":{"line":94,"column":46}},"loc":{"start":{"line":94,"column":65},"end":{"line":98,"column":1}}},"6":{"name":"(anonymous_7)","decl":{"start":{"line":101,"column":37},"end":{"line":101,"column":42}},"loc":{"start":{"line":104,"column":4},"end":{"line":111,"column":1}}},"7":{"name":"(anonymous_8)","decl":{"start":{"line":114,"column":37},"end":{"line":114,"column":42}},"loc":{"start":{"line":114,"column":58},"end":{"line":120,"column":1}}}},"branchMap":{},"s":{"0":1,"1":1,"2":1,"3":1,"4":1,"5":0,"6":0,"7":1,"8":1,"9":0,"10":1,"11":1,"12":0,"13":0,"14":1,"15":1,"16":0,"17":0,"18":1,"19":1,"20":0,"21":0,"22":1,"23":1,"24":2,"25":1,"26":1,"27":0,"28":0,"29":1,"30":1,"31":0,"32":0,"33":1},"f":{"0":0,"1":0,"2":0,"3":0,"4":0,"5":2,"6":0,"7":0},"b":{}}
,"C:\\Users\\bryso\\builds\\Event-ticket-system\\eventApi\\src\\bookings\\booking.router.ts": {"path":"C:\\Users\\bryso\\builds\\Event-ticket-system\\eventApi\\src\\bookings\\booking.router.ts","statementMap":{"0":{"start":{"line":2,"column":0},"end":{"line":2,"column":null}},"1":{"start":{"line":12,"column":16},"end":{"line":78,"column":1}},"2":{"start":{"line":13,"column":2},"end":{"line":22,"column":4}},"3":{"start":{"line":16,"column":6},"end":{"line":20,"column":7}},"4":{"start":{"line":17,"column":8},"end":{"line":17,"column":48}},"5":{"start":{"line":19,"column":8},"end":{"line":19,"column":20}},"6":{"start":{"line":24,"column":2},"end":{"line":33,"column":4}},"7":{"start":{"line":27,"column":6},"end":{"line":31,"column":7}},"8":{"start":{"line":28,"column":8},"end":{"line":28,"column":45}},"9":{"start":{"line":30,"column":8},"end":{"line":30,"column":20}},"10":{"start":{"line":35,"column":2},"end":{"line":44,"column":4}},"11":{"start":{"line":38,"column":6},"end":{"line":42,"column":7}},"12":{"start":{"line":39,"column":8},"end":{"line":39,"column":49}},"13":{"start":{"line":41,"column":8},"end":{"line":41,"column":20}},"14":{"start":{"line":46,"column":2},"end":{"line":55,"column":4}},"15":{"start":{"line":49,"column":6},"end":{"line":53,"column":7}},"16":{"start":{"line":50,"column":8},"end":{"line":50,"column":58}},"17":{"start":{"line":52,"column":8},"end":{"line":52,"column":20}},"18":{"start":{"line":57,"column":2},"end":{"line":66,"column":4}},"19":{"start":{"line":60,"column":6},"end":{"line":64,"column":7}},"20":{"start":{"line":61,"column":8},"end":{"line":61,"column":48}},"21":{"start":{"line":63,"column":8},"end":{"line":63,"column":20}},"22":{"start":{"line":68,"column":2},"end":{"line":77,"column":4}},"23":{"start":{"line":71,"column":6},"end":{"line":75,"column":7}},"24":{"start":{"line":72,"column":8},"end":{"line":72,"column":48}},"25":{"start":{"line":74,"column":8},"end":{"line":74,"column":20}},"26":{"start":{"line":80,"column":0},"end":{"line":80,"column":23}}},"fnMap":{"0":{"name":"(anonymous_0)","decl":{"start":{"line":12,"column":16},"end":{"line":12,"column":17}},"loc":{"start":{"line":12,"column":33},"end":{"line":78,"column":1}}},"1":{"name":"(anonymous_1)","decl":{"start":{"line":15,"column":4},"end":{"line":15,"column":9}},"loc":{"start":{"line":15,"column":29},"end":{"line":21,"column":5}}},"2":{"name":"(anonymous_2)","decl":{"start":{"line":26,"column":4},"end":{"line":26,"column":9}},"loc":{"start":{"line":26,"column":29},"end":{"line":32,"column":5}}},"3":{"name":"(anonymous_3)","decl":{"start":{"line":37,"column":4},"end":{"line":37,"column":9}},"loc":{"start":{"line":37,"column":29},"end":{"line":43,"column":5}}},"4":{"name":"(anonymous_4)","decl":{"start":{"line":48,"column":4},"end":{"line":48,"column":9}},"loc":{"start":{"line":48,"column":29},"end":{"line":54,"column":5}}},"5":{"name":"(anonymous_5)","decl":{"start":{"line":59,"column":4},"end":{"line":59,"column":9}},"loc":{"start":{"line":59,"column":29},"end":{"line":65,"column":5}}},"6":{"name":"(anonymous_6)","decl":{"start":{"line":70,"column":4},"end":{"line":70,"column":9}},"loc":{"start":{"line":70,"column":29},"end":{"line":76,"column":5}}}},"branchMap":{},"s":{"0":1,"1":1,"2":1,"3":0,"4":0,"5":0,"6":1,"7":0,"8":0,"9":0,"10":1,"11":0,"12":0,"13":0,"14":1,"15":0,"16":0,"17":0,"18":1,"19":0,"20":0,"21":0,"22":1,"23":0,"24":0,"25":0,"26":1},"f":{"0":1,"1":0,"2":0,"3":0,"4":0,"5":0,"6":0},"b":{}}
,"C:\\Users\\bryso\\builds\\Event-ticket-system\\eventApi\\src\\bookings\\bookings.controller.ts": {"path":"C:\\Users\\bryso\\builds\\Event-ticket-system\\eventApi\\src\\bookings\\bookings.controller.ts","statementMap":{"0":{"start":{"line":2,"column":0},"end":{"line":2,"column":null}},"1":{"start":{"line":11,"column":39},"end":{"line":20,"column":1}},"2":{"start":{"line":12,"column":2},"end":{"line":19,"column":3}},"3":{"start":{"line":13,"column":20},"end":{"line":13,"column":28}},"4":{"start":{"line":14,"column":20},"end":{"line":14,"column":55}},"5":{"start":{"line":15,"column":4},"end":{"line":15,"column":70}},"6":{"start":{"line":15,"column":18},"end":{"line":15,"column":70}},"7":{"start":{"line":16,"column":4},"end":{"line":16,"column":75}},"8":{"start":{"line":18,"column":4},"end":{"line":18,"column":58}},"9":{"start":{"line":11,"column":13},"end":{"line":11,"column":39}},"10":{"start":{"line":22,"column":36},"end":{"line":32,"column":1}},"11":{"start":{"line":23,"column":2},"end":{"line":31,"column":3}},"12":{"start":{"line":24,"column":21},"end":{"line":24,"column":46}},"13":{"start":{"line":25,"column":4},"end":{"line":27,"column":5}},"14":{"start":{"line":26,"column":6},"end":{"line":26,"column":68}},"15":{"start":{"line":28,"column":4},"end":{"line":28,"column":52}},"16":{"start":{"line":30,"column":4},"end":{"line":30,"column":58}},"17":{"start":{"line":22,"column":13},"end":{"line":22,"column":36}},"18":{"start":{"line":34,"column":40},"end":{"line":45,"column":1}},"19":{"start":{"line":35,"column":2},"end":{"line":44,"column":3}},"20":{"start":{"line":36,"column":15},"end":{"line":36,"column":38}},"21":{"start":{"line":37,"column":4},"end":{"line":37,"column":74}},"22":{"start":{"line":37,"column":19},"end":{"line":37,"column":74}},"23":{"start":{"line":39,"column":20},"end":{"line":39,"column":51}},"24":{"start":{"line":40,"column":4},"end":{"line":40,"column":80}},"25":{"start":{"line":40,"column":18},"end":{"line":40,"column":80}},"26":{"start":{"line":41,"column":4},"end":{"line":41,"column":51}},"27":{"start":{"line":43,"column":4},"end":{"line":43,"column":58}},"28":{"start":{"line":34,"column":13},"end":{"line":34,"column":40}},"29":{"start":{"line":47,"column":49},"end":{"line":63,"column":1}},"30":{"start":{"line":51,"column":2},"end":{"line":62,"column":3}},"31":{"start":{"line":52,"column":23},"end":{"line":52,"column":54}},"32":{"start":{"line":53,"column":4},"end":{"line":54,"column":61}},"33":{"start":{"line":54,"column":6},"end":{"line":54,"column":61}},"34":{"start":{"line":56,"column":21},"end":{"line":56,"column":69}},"35":{"start":{"line":57,"column":4},"end":{"line":58,"column":68}},"36":{"start":{"line":58,"column":6},"end":{"line":58,"column":68}},"37":{"start":{"line":59,"column":4},"end":{"line":59,"column":52}},"38":{"start":{"line":61,"column":4},"end":{"line":61,"column":58}},"39":{"start":{"line":47,"column":13},"end":{"line":47,"column":49}},"40":{"start":{"line":65,"column":39},"end":{"line":83,"column":1}},"41":{"start":{"line":66,"column":2},"end":{"line":82,"column":3}},"42":{"start":{"line":67,"column":15},"end":{"line":67,"column":38}},"43":{"start":{"line":68,"column":4},"end":{"line":68,"column":74}},"44":{"start":{"line":68,"column":19},"end":{"line":68,"column":74}},"45":{"start":{"line":70,"column":20},"end":{"line":70,"column":28}},"46":{"start":{"line":71,"column":21},"end":{"line":71,"column":52}},"47":{"start":{"line":72,"column":4},"end":{"line":73,"column":68}},"48":{"start":{"line":73,"column":6},"end":{"line":73,"column":68}},"49":{"start":{"line":75,"column":20},"end":{"line":75,"column":59}},"50":{"start":{"line":76,"column":4},"end":{"line":77,"column":70}},"51":{"start":{"line":77,"column":6},"end":{"line":77,"column":70}},"52":{"start":{"line":79,"column":4},"end":{"line":79,"column":77}},"53":{"start":{"line":81,"column":4},"end":{"line":81,"column":58}},"54":{"start":{"line":65,"column":13},"end":{"line":65,"column":39}},"55":{"start":{"line":85,"column":39},"end":{"line":102,"column":1}},"56":{"start":{"line":86,"column":2},"end":{"line":101,"column":3}},"57":{"start":{"line":87,"column":15},"end":{"line":87,"column":38}},"58":{"start":{"line":88,"column":4},"end":{"line":88,"column":74}},"59":{"start":{"line":88,"column":19},"end":{"line":88,"column":74}},"60":{"start":{"line":90,"column":21},"end":{"line":90,"column":52}},"61":{"start":{"line":91,"column":4},"end":{"line":92,"column":68}},"62":{"start":{"line":92,"column":6},"end":{"line":92,"column":68}},"63":{"start":{"line":94,"column":20},"end":{"line":94,"column":50}},"64":{"start":{"line":95,"column":4},"end":{"line":96,"column":70}},"65":{"start":{"line":96,"column":6},"end":{"line":96,"column":70}},"66":{"start":{"line":98,"column":4},"end":{"line":98,"column":77}},"67":{"start":{"line":100,"column":4},"end":{"line":100,"column":58}},"68":{"start":{"line":85,"column":13},"end":{"line":85,"column":39}}},"fnMap":{"0":{"name":"(anonymous_0)","decl":{"start":{"line":11,"column":39},"end":{"line":11,"column":44}},"loc":{"start":{"line":11,"column":77},"end":{"line":20,"column":1}}},"1":{"name":"(anonymous_1)","decl":{"start":{"line":22,"column":36},"end":{"line":22,"column":41}},"loc":{"start":{"line":22,"column":74},"end":{"line":32,"column":1}}},"2":{"name":"(anonymous_2)","decl":{"start":{"line":34,"column":40},"end":{"line":34,"column":45}},"loc":{"start":{"line":34,"column":78},"end":{"line":45,"column":1}}},"3":{"name":"(anonymous_3)","decl":{"start":{"line":47,"column":49},"end":{"line":47,"column":54}},"loc":{"start":{"line":50,"column":4},"end":{"line":63,"column":1}}},"4":{"name":"(anonymous_4)","decl":{"start":{"line":65,"column":39},"end":{"line":65,"column":44}},"loc":{"start":{"line":65,"column":77},"end":{"line":83,"column":1}}},"5":{"name":"(anonymous_5)","decl":{"start":{"line":85,"column":39},"end":{"line":85,"column":44}},"loc":{"start":{"line":85,"column":77},"end":{"line":102,"column":1}}}},"branchMap":{"0":{"loc":{"start":{"line":15,"column":4},"end":{"line":15,"column":70}},"type":"if","locations":[{"start":{"line":15,"column":4},"end":{"line":15,"column":70}},{"start":{},"end":{}}]},"1":{"loc":{"start":{"line":25,"column":4},"end":{"line":27,"column":5}},"type":"if","locations":[{"start":{"line":25,"column":4},"end":{"line":27,"column":5}},{"start":{},"end":{}}]},"2":{"loc":{"start":{"line":25,"column":8},"end":{"line":25,"column":42}},"type":"binary-expr","locations":[{"start":{"line":25,"column":8},"end":{"line":25,"column":17}},{"start":{"line":25,"column":21},"end":{"line":25,"column":42}}]},"3":{"loc":{"start":{"line":37,"column":4},"end":{"line":37,"column":74}},"type":"if","locations":[{"start":{"line":37,"column":4},"end":{"line":37,"column":74}},{"start":{},"end":{}}]},"4":{"loc":{"start":{"line":40,"column":4},"end":{"line":40,"column":80}},"type":"if","locations":[{"start":{"line":40,"column":4},"end":{"line":40,"column":80}},{"start":{},"end":{}}]},"5":{"loc":{"start":{"line":53,"column":4},"end":{"line":54,"column":61}},"type":"if","locations":[{"start":{"line":53,"column":4},"end":{"line":54,"column":61}},{"start":{},"end":{}}]},"6":{"loc":{"start":{"line":57,"column":4},"end":{"line":58,"column":68}},"type":"if","locations":[{"start":{"line":57,"column":4},"end":{"line":58,"column":68}},{"start":{},"end":{}}]},"7":{"loc":{"start":{"line":68,"column":4},"end":{"line":68,"column":74}},"type":"if","locations":[{"start":{"line":68,"column":4},"end":{"line":68,"column":74}},{"start":{},"end":{}}]},"8":{"loc":{"start":{"line":72,"column":4},"end":{"line":73,"column":68}},"type":"if","locations":[{"start":{"line":72,"column":4},"end":{"line":73,"column":68}},{"start":{},"end":{}}]},"9":{"loc":{"start":{"line":76,"column":4},"end":{"line":77,"column":70}},"type":"if","locations":[{"start":{"line":76,"column":4},"end":{"line":77,"column":70}},{"start":{},"end":{}}]},"10":{"loc":{"start":{"line":88,"column":4},"end":{"line":88,"column":74}},"type":"if","locations":[{"start":{"line":88,"column":4},"end":{"line":88,"column":74}},{"start":{},"end":{}}]},"11":{"loc":{"start":{"line":91,"column":4},"end":{"line":92,"column":68}},"type":"if","locations":[{"start":{"line":91,"column":4},"end":{"line":92,"column":68}},{"start":{},"end":{}}]},"12":{"loc":{"start":{"line":95,"column":4},"end":{"line":96,"column":70}},"type":"if","locations":[{"start":{"line":95,"column":4},"end":{"line":96,"column":70}},{"start":{},"end":{}}]}},"s":{"0":1,"1":1,"2":0,"3":0,"4":0,"5":0,"6":0,"7":0,"8":0,"9":1,"10":1,"11":0,"12":0,"13":0,"14":0,"15":0,"16":0,"17":1,"18":1,"19":0,"20":0,"21":0,"22":0,"23":0,"24":0,"25":0,"26":0,"27":0,"28":1,"29":1,"30":0,"31":0,"32":0,"33":0,"34":0,"35":0,"36":0,"37":0,"38":0,"39":1,"40":1,"41":0,"42":0,"43":0,"44":0,"45":0,"46":0,"47":0,"48":0,"49":0,"50":0,"51":0,"52":0,"53":0,"54":1,"55":1,"56":0,"57":0,"58":0,"59":0,"60":0,"61":0,"62":0,"63":0,"64":0,"65":0,"66":0,"67":0,"68":1},"f":{"0":0,"1":0,"2":0,"3":0,"4":0,"5":0},"b":{"0":[0,0],"1":[0,0],"2":[0,0],"3":[0,0],"4":[0,0],"5":[0,0],"6":[0,0],"7":[0,0],"8":[0,0],"9":[0,0],"10":[0,0],"11":[0,0],"12":[0,0]}}
,"C:\\Users\\bryso\\builds\\Event-ticket-system\\eventApi\\src\\bookings\\bookings.service.ts": {"path":"C:\\Users\\bryso\\builds\\Event-ticket-system\\eventApi\\src\\bookings\\bookings.service.ts","statementMap":{"0":{"start":{"line":1,"column":0},"end":{"line":1,"column":31}},"1":{"start":{"line":2,"column":0},"end":{"line":2,"column":33}},"2":{"start":{"line":3,"column":0},"end":{"line":3,"column":61}},"3":{"start":{"line":5,"column":36},"end":{"line":8,"column":1}},"4":{"start":{"line":6,"column":21},"end":{"line":6,"column":79}},"5":{"start":{"line":7,"column":2},"end":{"line":7,"column":18}},"6":{"start":{"line":5,"column":13},"end":{"line":5,"column":36}},"7":{"start":{"line":10,"column":33},"end":{"line":13,"column":1}},"8":{"start":{"line":11,"column":19},"end":{"line":11,"column":58}},"9":{"start":{"line":12,"column":2},"end":{"line":12,"column":18}},"10":{"start":{"line":10,"column":13},"end":{"line":10,"column":33}},"11":{"start":{"line":15,"column":37},"end":{"line":20,"column":1}},"12":{"start":{"line":16,"column":18},"end":{"line":18,"column":4}},"13":{"start":{"line":19,"column":2},"end":{"line":19,"column":17}},"14":{"start":{"line":15,"column":13},"end":{"line":15,"column":37}},"15":{"start":{"line":22,"column":46},"end":{"line":27,"column":1}},"16":{"start":{"line":23,"column":19},"end":{"line":25,"column":4}},"17":{"start":{"line":26,"column":2},"end":{"line":26,"column":18}},"18":{"start":{"line":22,"column":13},"end":{"line":22,"column":46}},"19":{"start":{"line":29,"column":36},"end":{"line":35,"column":1}},"20":{"start":{"line":30,"column":2},"end":{"line":33,"column":44}},"21":{"start":{"line":34,"column":2},"end":{"line":34,"column":40}},"22":{"start":{"line":29,"column":13},"end":{"line":29,"column":36}},"23":{"start":{"line":37,"column":36},"end":{"line":42,"column":1}},"24":{"start":{"line":38,"column":18},"end":{"line":40,"column":43}},"25":{"start":{"line":41,"column":2},"end":{"line":41,"column":40}},"26":{"start":{"line":37,"column":13},"end":{"line":37,"column":36}}},"fnMap":{"0":{"name":"(anonymous_1)","decl":{"start":{"line":5,"column":36},"end":{"line":5,"column":41}},"loc":{"start":{"line":5,"column":65},"end":{"line":8,"column":1}}},"1":{"name":"(anonymous_2)","decl":{"start":{"line":10,"column":33},"end":{"line":10,"column":38}},"loc":{"start":{"line":10,"column":44},"end":{"line":13,"column":1}}},"2":{"name":"(anonymous_3)","decl":{"start":{"line":15,"column":37},"end":{"line":15,"column":42}},"loc":{"start":{"line":15,"column":58},"end":{"line":20,"column":1}}},"3":{"name":"(anonymous_4)","decl":{"start":{"line":22,"column":46},"end":{"line":22,"column":51}},"loc":{"start":{"line":22,"column":75},"end":{"line":27,"column":1}}},"4":{"name":"(anonymous_5)","decl":{"start":{"line":29,"column":36},"end":{"line":29,"column":41}},"loc":{"start":{"line":29,"column":77},"end":{"line":35,"column":1}}},"5":{"name":"(anonymous_6)","decl":{"start":{"line":37,"column":36},"end":{"line":37,"column":41}},"loc":{"start":{"line":37,"column":57},"end":{"line":42,"column":1}}}},"branchMap":{},"s":{"0":1,"1":1,"2":1,"3":1,"4":0,"5":0,"6":1,"7":1,"8":0,"9":0,"10":1,"11":1,"12":0,"13":0,"14":1,"15":1,"16":0,"17":0,"18":1,"19":1,"20":0,"21":0,"22":1,"23":1,"24":0,"25":0,"26":1},"f":{"0":0,"1":0,"2":0,"3":0,"4":0,"5":0},"b":{}}
,"C:\\Users\\bryso\\builds\\Event-ticket-system\\eventApi\\src\\mailer\\mailer.ts": {"path":"C:\\Users\\bryso\\builds\\Event-ticket-system\\eventApi\\src\\mailer\\mailer.ts","statementMap":{"0":{"start":{"line":1,"column":0},"end":{"line":1,"column":36}},"1":{"start":{"line":3,"column":25},"end":{"line":47,"column":1}},"2":{"start":{"line":9,"column":2},"end":{"line":46,"column":3}},"3":{"start":{"line":10,"column":24},"end":{"line":21,"column":6}},"4":{"start":{"line":23,"column":52},"end":{"line":30,"column":6}},"5":{"start":{"line":32,"column":20},"end":{"line":32,"column":59}},"6":{"start":{"line":33,"column":4},"end":{"line":33,"column":36}},"7":{"start":{"line":36,"column":4},"end":{"line":43,"column":5}},"8":{"start":{"line":38,"column":6},"end":{"line":38,"column":39}},"9":{"start":{"line":39,"column":11},"end":{"line":43,"column":5}},"10":{"start":{"line":40,"column":6},"end":{"line":40,"column":30}},"11":{"start":{"line":42,"column":6},"end":{"line":42,"column":34}},"12":{"start":{"line":45,"column":4},"end":{"line":45,"column":52}},"13":{"start":{"line":3,"column":13},"end":{"line":3,"column":25}}},"fnMap":{"0":{"name":"(anonymous_1)","decl":{"start":{"line":3,"column":25},"end":{"line":3,"column":30}},"loc":{"start":{"line":8,"column":4},"end":{"line":47,"column":1}}}},"branchMap":{"0":{"loc":{"start":{"line":36,"column":4},"end":{"line":43,"column":5}},"type":"if","locations":[{"start":{"line":36,"column":4},"end":{"line":43,"column":5}},{"start":{"line":39,"column":11},"end":{"line":43,"column":5}}]},"1":{"loc":{"start":{"line":39,"column":11},"end":{"line":43,"column":5}},"type":"if","locations":[{"start":{"line":39,"column":11},"end":{"line":43,"column":5}},{"start":{"line":41,"column":11},"end":{"line":43,"column":5}}]}},"s":{"0":1,"1":1,"2":0,"3":0,"4":0,"5":0,"6":0,"7":0,"8":0,"9":0,"10":0,"11":0,"12":0,"13":1},"f":{"0":0},"b":{"0":[0,0],"1":[0,0]}}
,"C:\\Users\\bryso\\builds\\Event-ticket-system\\eventApi\\src\\payments\\payment.controller.ts": {"path":"C:\\Users\\bryso\\builds\\Event-ticket-system\\eventApi\\src\\payments\\payment.controller.ts","statementMap":{"0":{"start":{"line":2,"column":0},"end":{"line":2,"column":null}},"1":{"start":{"line":11,"column":41},"end":{"line":22,"column":1}},"2":{"start":{"line":15,"column":2},"end":{"line":21,"column":3}},"3":{"start":{"line":16,"column":26},"end":{"line":16,"column":62}},"4":{"start":{"line":17,"column":4},"end":{"line":17,"column":76}},"5":{"start":{"line":17,"column":24},"end":{"line":17,"column":76}},"6":{"start":{"line":18,"column":4},"end":{"line":18,"column":60}},"7":{"start":{"line":20,"column":4},"end":{"line":20,"column":58}},"8":{"start":{"line":11,"column":13},"end":{"line":11,"column":41}},"9":{"start":{"line":24,"column":36},"end":{"line":34,"column":1}},"10":{"start":{"line":25,"column":2},"end":{"line":33,"column":3}},"11":{"start":{"line":26,"column":21},"end":{"line":26,"column":46}},"12":{"start":{"line":27,"column":4},"end":{"line":29,"column":5}},"13":{"start":{"line":28,"column":6},"end":{"line":28,"column":68}},"14":{"start":{"line":30,"column":4},"end":{"line":30,"column":52}},"15":{"start":{"line":32,"column":4},"end":{"line":32,"column":58}},"16":{"start":{"line":24,"column":13},"end":{"line":24,"column":36}},"17":{"start":{"line":36,"column":47},"end":{"line":61,"column":1}},"18":{"start":{"line":40,"column":21},"end":{"line":40,"column":52}},"19":{"start":{"line":42,"column":2},"end":{"line":44,"column":3}},"20":{"start":{"line":43,"column":4},"end":{"line":43,"column":68}},"21":{"start":{"line":46,"column":19},"end":{"line":46,"column":65}},"22":{"start":{"line":48,"column":2},"end":{"line":53,"column":3}},"23":{"start":{"line":49,"column":4},"end":{"line":52,"column":7}},"24":{"start":{"line":55,"column":2},"end":{"line":60,"column":5}},"25":{"start":{"line":36,"column":13},"end":{"line":36,"column":47}},"26":{"start":{"line":63,"column":40},"end":{"line":75,"column":1}},"27":{"start":{"line":64,"column":2},"end":{"line":74,"column":3}},"28":{"start":{"line":65,"column":15},"end":{"line":65,"column":38}},"29":{"start":{"line":66,"column":4},"end":{"line":66,"column":74}},"30":{"start":{"line":66,"column":19},"end":{"line":66,"column":74}},"31":{"start":{"line":68,"column":20},"end":{"line":68,"column":51}},"32":{"start":{"line":69,"column":4},"end":{"line":69,"column":80}},"33":{"start":{"line":69,"column":18},"end":{"line":69,"column":80}},"34":{"start":{"line":71,"column":4},"end":{"line":71,"column":51}},"35":{"start":{"line":73,"column":4},"end":{"line":73,"column":58}},"36":{"start":{"line":63,"column":13},"end":{"line":63,"column":40}},"37":{"start":{"line":77,"column":39},"end":{"line":89,"column":1}},"38":{"start":{"line":78,"column":2},"end":{"line":88,"column":3}},"39":{"start":{"line":79,"column":15},"end":{"line":79,"column":38}},"40":{"start":{"line":80,"column":4},"end":{"line":80,"column":74}},"41":{"start":{"line":80,"column":19},"end":{"line":80,"column":74}},"42":{"start":{"line":82,"column":20},"end":{"line":82,"column":60}},"43":{"start":{"line":83,"column":4},"end":{"line":83,"column":80}},"44":{"start":{"line":83,"column":18},"end":{"line":83,"column":80}},"45":{"start":{"line":85,"column":4},"end":{"line":85,"column":77}},"46":{"start":{"line":87,"column":4},"end":{"line":87,"column":58}},"47":{"start":{"line":77,"column":13},"end":{"line":77,"column":39}},"48":{"start":{"line":91,"column":39},"end":{"line":108,"column":1}},"49":{"start":{"line":92,"column":2},"end":{"line":107,"column":3}},"50":{"start":{"line":93,"column":15},"end":{"line":93,"column":38}},"51":{"start":{"line":94,"column":4},"end":{"line":94,"column":74}},"52":{"start":{"line":94,"column":19},"end":{"line":94,"column":74}},"53":{"start":{"line":96,"column":21},"end":{"line":96,"column":52}},"54":{"start":{"line":97,"column":4},"end":{"line":98,"column":68}},"55":{"start":{"line":98,"column":6},"end":{"line":98,"column":68}},"56":{"start":{"line":100,"column":20},"end":{"line":100,"column":50}},"57":{"start":{"line":101,"column":4},"end":{"line":102,"column":70}},"58":{"start":{"line":102,"column":6},"end":{"line":102,"column":70}},"59":{"start":{"line":104,"column":4},"end":{"line":104,"column":77}},"60":{"start":{"line":106,"column":4},"end":{"line":106,"column":58}},"61":{"start":{"line":91,"column":13},"end":{"line":91,"column":39}}},"fnMap":{"0":{"name":"(anonymous_0)","decl":{"start":{"line":11,"column":41},"end":{"line":11,"column":46}},"loc":{"start":{"line":14,"column":4},"end":{"line":22,"column":1}}},"1":{"name":"(anonymous_1)","decl":{"start":{"line":24,"column":36},"end":{"line":24,"column":41}},"loc":{"start":{"line":24,"column":74},"end":{"line":34,"column":1}}},"2":{"name":"(anonymous_2)","decl":{"start":{"line":36,"column":47},"end":{"line":36,"column":52}},"loc":{"start":{"line":39,"column":4},"end":{"line":61,"column":1}}},"3":{"name":"(anonymous_3)","decl":{"start":{"line":63,"column":40},"end":{"line":63,"column":45}},"loc":{"start":{"line":63,"column":78},"end":{"line":75,"column":1}}},"4":{"name":"(anonymous_4)","decl":{"start":{"line":77,"column":39},"end":{"line":77,"column":44}},"loc":{"start":{"line":77,"column":77},"end":{"line":89,"column":1}}},"5":{"name":"(anonymous_5)","decl":{"start":{"line":91,"column":39},"end":{"line":91,"column":44}},"loc":{"start":{"line":91,"column":77},"end":{"line":108,"column":1}}}},"branchMap":{"0":{"loc":{"start":{"line":17,"column":4},"end":{"line":17,"column":76}},"type":"if","locations":[{"start":{"line":17,"column":4},"end":{"line":17,"column":76}},{"start":{},"end":{}}]},"1":{"loc":{"start":{"line":27,"column":4},"end":{"line":29,"column":5}},"type":"if","locations":[{"start":{"line":27,"column":4},"end":{"line":29,"column":5}},{"start":{},"end":{}}]},"2":{"loc":{"start":{"line":27,"column":8},"end":{"line":27,"column":42}},"type":"binary-expr","locations":[{"start":{"line":27,"column":8},"end":{"line":27,"column":17}},{"start":{"line":27,"column":21},"end":{"line":27,"column":42}}]},"3":{"loc":{"start":{"line":42,"column":2},"end":{"line":44,"column":3}},"type":"if","locations":[{"start":{"line":42,"column":2},"end":{"line":44,"column":3}},{"start":{},"end":{}}]},"4":{"loc":{"start":{"line":48,"column":2},"end":{"line":53,"column":3}},"type":"if","locations":[{"start":{"line":48,"column":2},"end":{"line":53,"column":3}},{"start":{},"end":{}}]},"5":{"loc":{"start":{"line":48,"column":6},"end":{"line":48,"column":40}},"type":"binary-expr","locations":[{"start":{"line":48,"column":6},"end":{"line":48,"column":15}},{"start":{"line":48,"column":19},"end":{"line":48,"column":40}}]},"6":{"loc":{"start":{"line":66,"column":4},"end":{"line":66,"column":74}},"type":"if","locations":[{"start":{"line":66,"column":4},"end":{"line":66,"column":74}},{"start":{},"end":{}}]},"7":{"loc":{"start":{"line":69,"column":4},"end":{"line":69,"column":80}},"type":"if","locations":[{"start":{"line":69,"column":4},"end":{"line":69,"column":80}},{"start":{},"end":{}}]},"8":{"loc":{"start":{"line":80,"column":4},"end":{"line":80,"column":74}},"type":"if","locations":[{"start":{"line":80,"column":4},"end":{"line":80,"column":74}},{"start":{},"end":{}}]},"9":{"loc":{"start":{"line":83,"column":4},"end":{"line":83,"column":80}},"type":"if","locations":[{"start":{"line":83,"column":4},"end":{"line":83,"column":80}},{"start":{},"end":{}}]},"10":{"loc":{"start":{"line":94,"column":4},"end":{"line":94,"column":74}},"type":"if","locations":[{"start":{"line":94,"column":4},"end":{"line":94,"column":74}},{"start":{},"end":{}}]},"11":{"loc":{"start":{"line":97,"column":4},"end":{"line":98,"column":68}},"type":"if","locations":[{"start":{"line":97,"column":4},"end":{"line":98,"column":68}},{"start":{},"end":{}}]},"12":{"loc":{"start":{"line":101,"column":4},"end":{"line":102,"column":70}},"type":"if","locations":[{"start":{"line":101,"column":4},"end":{"line":102,"column":70}},{"start":{},"end":{}}]}},"s":{"0":1,"1":1,"2":0,"3":0,"4":0,"5":0,"6":0,"7":0,"8":1,"9":1,"10":0,"11":0,"12":0,"13":0,"14":0,"15":0,"16":1,"17":1,"18":0,"19":0,"20":0,"21":0,"22":0,"23":0,"24":0,"25":1,"26":1,"27":0,"28":0,"29":0,"30":0,"31":0,"32":0,"33":0,"34":0,"35":0,"36":1,"37":1,"38":0,"39":0,"40":0,"41":0,"42":0,"43":0,"44":0,"45":0,"46":0,"47":1,"48":1,"49":0,"50":0,"51":0,"52":0,"53":0,"54":0,"55":0,"56":0,"57":0,"58":0,"59":0,"60":0,"61":1},"f":{"0":0,"1":0,"2":0,"3":0,"4":0,"5":0},"b":{"0":[0,0],"1":[0,0],"2":[0,0],"3":[0,0],"4":[0,0],"5":[0,0],"6":[0,0],"7":[0,0],"8":[0,0],"9":[0,0],"10":[0,0],"11":[0,0],"12":[0,0]}}
,"C:\\Users\\bryso\\builds\\Event-ticket-system\\eventApi\\src\\payments\\payment.router.ts": {"path":"C:\\Users\\bryso\\builds\\Event-ticket-system\\eventApi\\src\\payments\\payment.router.ts","statementMap":{"0":{"start":{"line":2,"column":0},"end":{"line":2,"column":null}},"1":{"start":{"line":12,"column":16},"end":{"line":85,"column":1}},"2":{"start":{"line":13,"column":2},"end":{"line":22,"column":4}},"3":{"start":{"line":16,"column":6},"end":{"line":20,"column":7}},"4":{"start":{"line":17,"column":8},"end":{"line":17,"column":50}},"5":{"start":{"line":19,"column":8},"end":{"line":19,"column":20}},"6":{"start":{"line":24,"column":2},"end":{"line":33,"column":4}},"7":{"start":{"line":27,"column":6},"end":{"line":31,"column":7}},"8":{"start":{"line":28,"column":8},"end":{"line":28,"column":45}},"9":{"start":{"line":30,"column":8},"end":{"line":30,"column":20}},"10":{"start":{"line":35,"column":2},"end":{"line":44,"column":4}},"11":{"start":{"line":38,"column":6},"end":{"line":42,"column":7}},"12":{"start":{"line":39,"column":8},"end":{"line":39,"column":49}},"13":{"start":{"line":41,"column":8},"end":{"line":41,"column":20}},"14":{"start":{"line":57,"column":2},"end":{"line":66,"column":4}},"15":{"start":{"line":60,"column":6},"end":{"line":64,"column":7}},"16":{"start":{"line":61,"column":8},"end":{"line":61,"column":48}},"17":{"start":{"line":63,"column":8},"end":{"line":63,"column":20}},"18":{"start":{"line":68,"column":2},"end":{"line":77,"column":4}},"19":{"start":{"line":71,"column":6},"end":{"line":75,"column":7}},"20":{"start":{"line":72,"column":8},"end":{"line":72,"column":48}},"21":{"start":{"line":74,"column":8},"end":{"line":74,"column":20}},"22":{"start":{"line":78,"column":2},"end":{"line":84,"column":5}},"23":{"start":{"line":79,"column":4},"end":{"line":83,"column":5}},"24":{"start":{"line":80,"column":6},"end":{"line":80,"column":54}},"25":{"start":{"line":82,"column":6},"end":{"line":82,"column":18}},"26":{"start":{"line":87,"column":0},"end":{"line":87,"column":23}}},"fnMap":{"0":{"name":"(anonymous_0)","decl":{"start":{"line":12,"column":16},"end":{"line":12,"column":17}},"loc":{"start":{"line":12,"column":33},"end":{"line":85,"column":1}}},"1":{"name":"(anonymous_1)","decl":{"start":{"line":15,"column":4},"end":{"line":15,"column":9}},"loc":{"start":{"line":15,"column":29},"end":{"line":21,"column":5}}},"2":{"name":"(anonymous_2)","decl":{"start":{"line":26,"column":4},"end":{"line":26,"column":9}},"loc":{"start":{"line":26,"column":29},"end":{"line":32,"column":5}}},"3":{"name":"(anonymous_3)","decl":{"start":{"line":37,"column":4},"end":{"line":37,"column":9}},"loc":{"start":{"line":37,"column":29},"end":{"line":43,"column":5}}},"4":{"name":"(anonymous_4)","decl":{"start":{"line":59,"column":4},"end":{"line":59,"column":9}},"loc":{"start":{"line":59,"column":29},"end":{"line":65,"column":5}}},"5":{"name":"(anonymous_5)","decl":{"start":{"line":70,"column":4},"end":{"line":70,"column":9}},"loc":{"start":{"line":70,"column":29},"end":{"line":76,"column":5}}},"6":{"name":"(anonymous_6)","decl":{"start":{"line":78,"column":49},"end":{"line":78,"column":54}},"loc":{"start":{"line":78,"column":74},"end":{"line":84,"column":3}}}},"branchMap":{},"s":{"0":1,"1":1,"2":1,"3":0,"4":0,"5":0,"6":1,"7":0,"8":0,"9":0,"10":1,"11":0,"12":0,"13":0,"14":1,"15":0,"16":0,"17":0,"18":1,"19":0,"20":0,"21":0,"22":1,"23":0,"24":0,"25":0,"26":1},"f":{"0":1,"1":0,"2":0,"3":0,"4":0,"5":0,"6":0},"b":{}}
,"C:\\Users\\bryso\\builds\\Event-ticket-system\\eventApi\\src\\payments\\payment.service.ts": {"path":"C:\\Users\\bryso\\builds\\Event-ticket-system\\eventApi\\src\\payments\\payment.service.ts","statementMap":{"0":{"start":{"line":1,"column":0},"end":{"line":1,"column":33}},"1":{"start":{"line":2,"column":0},"end":{"line":2,"column":31}},"2":{"start":{"line":3,"column":0},"end":{"line":3,"column":61}},"3":{"start":{"line":5,"column":36},"end":{"line":8,"column":1}},"4":{"start":{"line":6,"column":2},"end":{"line":6,"column":49}},"5":{"start":{"line":7,"column":2},"end":{"line":7,"column":38}},"6":{"start":{"line":5,"column":13},"end":{"line":5,"column":36}},"7":{"start":{"line":10,"column":33},"end":{"line":13,"column":1}},"8":{"start":{"line":11,"column":19},"end":{"line":11,"column":56}},"9":{"start":{"line":12,"column":2},"end":{"line":12,"column":18}},"10":{"start":{"line":10,"column":13},"end":{"line":10,"column":33}},"11":{"start":{"line":15,"column":37},"end":{"line":20,"column":1}},"12":{"start":{"line":16,"column":18},"end":{"line":18,"column":4}},"13":{"start":{"line":19,"column":2},"end":{"line":19,"column":17}},"14":{"start":{"line":15,"column":13},"end":{"line":15,"column":37}},"15":{"start":{"line":21,"column":36},"end":{"line":28,"column":1}},"16":{"start":{"line":22,"column":2},"end":{"line":26,"column":17}},"17":{"start":{"line":27,"column":2},"end":{"line":27,"column":40}},"18":{"start":{"line":21,"column":13},"end":{"line":21,"column":36}},"19":{"start":{"line":30,"column":36},"end":{"line":36,"column":1}},"20":{"start":{"line":31,"column":18},"end":{"line":34,"column":16}},"21":{"start":{"line":35,"column":2},"end":{"line":35,"column":20}},"22":{"start":{"line":30,"column":13},"end":{"line":30,"column":36}},"23":{"start":{"line":38,"column":44},"end":{"line":43,"column":1}},"24":{"start":{"line":39,"column":2},"end":{"line":42,"column":53}},"25":{"start":{"line":38,"column":13},"end":{"line":38,"column":44}}},"fnMap":{"0":{"name":"(anonymous_1)","decl":{"start":{"line":5,"column":36},"end":{"line":5,"column":41}},"loc":{"start":{"line":5,"column":65},"end":{"line":8,"column":1}}},"1":{"name":"(anonymous_2)","decl":{"start":{"line":10,"column":33},"end":{"line":10,"column":38}},"loc":{"start":{"line":10,"column":44},"end":{"line":13,"column":1}}},"2":{"name":"(anonymous_3)","decl":{"start":{"line":15,"column":37},"end":{"line":15,"column":42}},"loc":{"start":{"line":15,"column":58},"end":{"line":20,"column":1}}},"3":{"name":"(anonymous_4)","decl":{"start":{"line":21,"column":36},"end":{"line":21,"column":41}},"loc":{"start":{"line":21,"column":77},"end":{"line":28,"column":1}}},"4":{"name":"(anonymous_5)","decl":{"start":{"line":30,"column":36},"end":{"line":30,"column":41}},"loc":{"start":{"line":30,"column":57},"end":{"line":36,"column":1}}},"5":{"name":"(anonymous_6)","decl":{"start":{"line":38,"column":44},"end":{"line":38,"column":49}},"loc":{"start":{"line":38,"column":73},"end":{"line":43,"column":1}}}},"branchMap":{},"s":{"0":1,"1":1,"2":1,"3":1,"4":0,"5":0,"6":1,"7":1,"8":0,"9":0,"10":1,"11":1,"12":0,"13":0,"14":1,"15":1,"16":0,"17":0,"18":1,"19":1,"20":0,"21":0,"22":1,"23":1,"24":0,"25":1},"f":{"0":0,"1":0,"2":0,"3":0,"4":0,"5":0},"b":{}}
,"C:\\Users\\bryso\\builds\\Event-ticket-system\\eventApi\\src\\support_tickets\\support_tickets.controller.ts": {"path":"C:\\Users\\bryso\\builds\\Event-ticket-system\\eventApi\\src\\support_tickets\\support_tickets.controller.ts","statementMap":{"0":{"start":{"line":2,"column":0},"end":{"line":2,"column":null}},"1":{"start":{"line":13,"column":45},"end":{"line":40,"column":1}},"2":{"start":{"line":17,"column":2},"end":{"line":39,"column":3}},"3":{"start":{"line":18,"column":49},"end":{"line":18,"column":57}},"4":{"start":{"line":20,"column":4},"end":{"line":24,"column":5}},"5":{"start":{"line":21,"column":6},"end":{"line":23,"column":9}},"6":{"start":{"line":26,"column":22},"end":{"line":30,"column":6}},"7":{"start":{"line":32,"column":4},"end":{"line":35,"column":7}},"8":{"start":{"line":37,"column":4},"end":{"line":37,"column":59}},"9":{"start":{"line":38,"column":4},"end":{"line":38,"column":63}},"10":{"start":{"line":13,"column":13},"end":{"line":13,"column":45}},"11":{"start":{"line":43,"column":46},"end":{"line":54,"column":1}},"12":{"start":{"line":47,"column":2},"end":{"line":53,"column":3}},"13":{"start":{"line":48,"column":20},"end":{"line":48,"column":55}},"14":{"start":{"line":49,"column":4},"end":{"line":49,"column":34}},"15":{"start":{"line":51,"column":4},"end":{"line":51,"column":64}},"16":{"start":{"line":52,"column":4},"end":{"line":52,"column":63}},"17":{"start":{"line":43,"column":13},"end":{"line":43,"column":46}},"18":{"start":{"line":57,"column":46},"end":{"line":74,"column":1}},"19":{"start":{"line":61,"column":2},"end":{"line":73,"column":3}},"20":{"start":{"line":62,"column":23},"end":{"line":62,"column":52}},"21":{"start":{"line":64,"column":4},"end":{"line":66,"column":5}},"22":{"start":{"line":65,"column":6},"end":{"line":65,"column":70}},"23":{"start":{"line":68,"column":20},"end":{"line":68,"column":65}},"24":{"start":{"line":69,"column":4},"end":{"line":69,"column":34}},"25":{"start":{"line":71,"column":4},"end":{"line":71,"column":61}},"26":{"start":{"line":72,"column":4},"end":{"line":72,"column":63}},"27":{"start":{"line":57,"column":13},"end":{"line":57,"column":46}},"28":{"start":{"line":77,"column":46},"end":{"line":99,"column":1}},"29":{"start":{"line":81,"column":2},"end":{"line":98,"column":3}},"30":{"start":{"line":82,"column":21},"end":{"line":82,"column":42}},"31":{"start":{"line":84,"column":4},"end":{"line":86,"column":5}},"32":{"start":{"line":85,"column":6},"end":{"line":85,"column":68}},"33":{"start":{"line":88,"column":19},"end":{"line":88,"column":62}},"34":{"start":{"line":90,"column":4},"end":{"line":92,"column":5}},"35":{"start":{"line":91,"column":6},"end":{"line":91,"column":75}},"36":{"start":{"line":94,"column":4},"end":{"line":94,"column":33}},"37":{"start":{"line":96,"column":4},"end":{"line":96,"column":59}},"38":{"start":{"line":97,"column":4},"end":{"line":97,"column":63}},"39":{"start":{"line":77,"column":13},"end":{"line":77,"column":46}},"40":{"start":{"line":102,"column":51},"end":{"line":141,"column":1}},"41":{"start":{"line":106,"column":2},"end":{"line":140,"column":3}},"42":{"start":{"line":107,"column":21},"end":{"line":107,"column":42}},"43":{"start":{"line":108,"column":23},"end":{"line":108,"column":31}},"44":{"start":{"line":110,"column":4},"end":{"line":112,"column":5}},"45":{"start":{"line":111,"column":6},"end":{"line":111,"column":68}},"46":{"start":{"line":114,"column":4},"end":{"line":122,"column":5}},"47":{"start":{"line":118,"column":6},"end":{"line":121,"column":9}},"48":{"start":{"line":124,"column":26},"end":{"line":126,"column":null}},"49":{"start":{"line":129,"column":4},"end":{"line":131,"column":5}},"50":{"start":{"line":130,"column":6},"end":{"line":130,"column":75}},"51":{"start":{"line":133,"column":4},"end":{"line":136,"column":7}},"52":{"start":{"line":138,"column":4},"end":{"line":138,"column":66}},"53":{"start":{"line":139,"column":4},"end":{"line":139,"column":63}},"54":{"start":{"line":102,"column":13},"end":{"line":102,"column":51}},"55":{"start":{"line":144,"column":45},"end":{"line":169,"column":1}},"56":{"start":{"line":148,"column":2},"end":{"line":168,"column":3}},"57":{"start":{"line":149,"column":21},"end":{"line":149,"column":42}},"58":{"start":{"line":151,"column":4},"end":{"line":153,"column":5}},"59":{"start":{"line":152,"column":6},"end":{"line":152,"column":68}},"60":{"start":{"line":155,"column":26},"end":{"line":155,"column":68}},"61":{"start":{"line":157,"column":4},"end":{"line":159,"column":5}},"62":{"start":{"line":158,"column":6},"end":{"line":158,"column":75}},"63":{"start":{"line":161,"column":4},"end":{"line":164,"column":7}},"64":{"start":{"line":166,"column":4},"end":{"line":166,"column":59}},"65":{"start":{"line":167,"column":4},"end":{"line":167,"column":63}},"66":{"start":{"line":144,"column":13},"end":{"line":144,"column":45}},"67":{"start":{"line":172,"column":44},"end":{"line":194,"column":1}},"68":{"start":{"line":176,"column":2},"end":{"line":193,"column":3}},"69":{"start":{"line":177,"column":23},"end":{"line":177,"column":33}},"70":{"start":{"line":179,"column":4},"end":{"line":184,"column":5}},"71":{"start":{"line":180,"column":6},"end":{"line":183,"column":9}},"72":{"start":{"line":186,"column":20},"end":{"line":187,"column":null}},"73":{"start":{"line":189,"column":4},"end":{"line":189,"column":34}},"74":{"start":{"line":191,"column":4},"end":{"line":191,"column":62}},"75":{"start":{"line":192,"column":4},"end":{"line":192,"column":63}},"76":{"start":{"line":172,"column":13},"end":{"line":172,"column":44}}},"fnMap":{"0":{"name":"(anonymous_0)","decl":{"start":{"line":13,"column":45},"end":{"line":13,"column":50}},"loc":{"start":{"line":16,"column":4},"end":{"line":40,"column":1}}},"1":{"name":"(anonymous_1)","decl":{"start":{"line":43,"column":46},"end":{"line":43,"column":51}},"loc":{"start":{"line":46,"column":4},"end":{"line":54,"column":1}}},"2":{"name":"(anonymous_2)","decl":{"start":{"line":57,"column":46},"end":{"line":57,"column":51}},"loc":{"start":{"line":60,"column":4},"end":{"line":74,"column":1}}},"3":{"name":"(anonymous_3)","decl":{"start":{"line":77,"column":46},"end":{"line":77,"column":51}},"loc":{"start":{"line":80,"column":4},"end":{"line":99,"column":1}}},"4":{"name":"(anonymous_4)","decl":{"start":{"line":102,"column":51},"end":{"line":102,"column":56}},"loc":{"start":{"line":105,"column":4},"end":{"line":141,"column":1}}},"5":{"name":"(anonymous_5)","decl":{"start":{"line":144,"column":45},"end":{"line":144,"column":50}},"loc":{"start":{"line":147,"column":4},"end":{"line":169,"column":1}}},"6":{"name":"(anonymous_6)","decl":{"start":{"line":172,"column":44},"end":{"line":172,"column":49}},"loc":{"start":{"line":175,"column":4},"end":{"line":194,"column":1}}}},"branchMap":{"0":{"loc":{"start":{"line":20,"column":4},"end":{"line":24,"column":5}},"type":"if","locations":[{"start":{"line":20,"column":4},"end":{"line":24,"column":5}},{"start":{},"end":{}}]},"1":{"loc":{"start":{"line":20,"column":8},"end":{"line":20,"column":47}},"type":"binary-expr","locations":[{"start":{"line":20,"column":8},"end":{"line":20,"column":19}},{"start":{"line":20,"column":23},"end":{"line":20,"column":31}},{"start":{"line":20,"column":35},"end":{"line":20,"column":47}}]},"2":{"loc":{"start":{"line":64,"column":4},"end":{"line":66,"column":5}},"type":"if","locations":[{"start":{"line":64,"column":4},"end":{"line":66,"column":5}},{"start":{},"end":{}}]},"3":{"loc":{"start":{"line":84,"column":4},"end":{"line":86,"column":5}},"type":"if","locations":[{"start":{"line":84,"column":4},"end":{"line":86,"column":5}},{"start":{},"end":{}}]},"4":{"loc":{"start":{"line":90,"column":4},"end":{"line":92,"column":5}},"type":"if","locations":[{"start":{"line":90,"column":4},"end":{"line":92,"column":5}},{"start":{},"end":{}}]},"5":{"loc":{"start":{"line":110,"column":4},"end":{"line":112,"column":5}},"type":"if","locations":[{"start":{"line":110,"column":4},"end":{"line":112,"column":5}},{"start":{},"end":{}}]},"6":{"loc":{"start":{"line":114,"column":4},"end":{"line":122,"column":5}},"type":"if","locations":[{"start":{"line":114,"column":4},"end":{"line":122,"column":5}},{"start":{},"end":{}}]},"7":{"loc":{"start":{"line":115,"column":6},"end":{"line":116,"column":69}},"type":"binary-expr","locations":[{"start":{"line":115,"column":6},"end":{"line":115,"column":13}},{"start":{"line":116,"column":6},"end":{"line":116,"column":69}}]},"8":{"loc":{"start":{"line":129,"column":4},"end":{"line":131,"column":5}},"type":"if","locations":[{"start":{"line":129,"co
[...]
n":13},"end":{"line":49,"column":43}},"24":{"start":{"line":64,"column":43},"end":{"line":86,"column":1}},"25":{"start":{"line":65,"column":2},"end":{"line":85,"column":3}},"26":{"start":{"line":66,"column":19},"end":{"line":79,"column":6}},"27":{"start":{"line":81,"column":4},"end":{"line":81,"column":18}},"28":{"start":{"line":83,"column":4},"end":{"line":83,"column":66}},"29":{"start":{"line":84,"column":4},"end":{"line":84,"column":16}},"30":{"start":{"line":64,"column":13},"end":{"line":64,"column":43}},"31":{"start":{"line":89,"column":48},"end":{"line":108,"column":1}},"32":{"start":{"line":93,"column":2},"end":{"line":107,"column":3}},"33":{"start":{"line":94,"column":28},"end":{"line":101,"column":18}},"34":{"start":{"line":103,"column":4},"end":{"line":103,"column":25}},"35":{"start":{"line":105,"column":4},"end":{"line":105,"column":71}},"36":{"start":{"line":106,"column":4},"end":{"line":106,"column":16}},"37":{"start":{"line":89,"column":13},"end":{"line":89,"column":48}},"38":{"start":{"line":111,"column":42},"end":{"line":123,"column":1}},"39":{"start":{"line":112,"column":2},"end":{"line":122,"column":3}},"40":{"start":{"line":113,"column":28},"end":{"line":116,"column":18}},"41":{"start":{"line":118,"column":4},"end":{"line":118,"column":25}},"42":{"start":{"line":120,"column":4},"end":{"line":120,"column":65}},"43":{"start":{"line":121,"column":4},"end":{"line":121,"column":16}},"44":{"start":{"line":111,"column":13},"end":{"line":111,"column":42}},"45":{"start":{"line":126,"column":41},"end":{"line":151,"column":1}},"46":{"start":{"line":129,"column":2},"end":{"line":150,"column":3}},"47":{"start":{"line":130,"column":20},"end":{"line":144,"column":6}},"48":{"start":{"line":146,"column":4},"end":{"line":146,"column":19}},"49":{"start":{"line":148,"column":4},"end":{"line":148,"column":64}},"50":{"start":{"line":149,"column":4},"end":{"line":149,"column":16}},"51":{"start":{"line":126,"column":13},"end":{"line":126,"column":41}}},"fnMap":{"0":{"name":"(anonymous_1)","decl":{"start":{"line":7,"column":42},"end":{"line":7,"column":47}},"loc":{"start":{"line":9,"column":4},"end":{"line":21,"column":1}}},"1":{"name":"(anonymous_2)","decl":{"start":{"line":24,"column":43},"end":{"line":24,"column":48}},"loc":{"start":{"line":24,"column":54},"end":{"line":46,"column":1}}},"2":{"name":"(anonymous_3)","decl":{"start":{"line":49,"column":43},"end":{"line":49,"column":48}},"loc":{"start":{"line":49,"column":72},"end":{"line":61,"column":1}}},"3":{"name":"(anonymous_4)","decl":{"start":{"line":64,"column":43},"end":{"line":64,"column":48}},"loc":{"start":{"line":64,"column":70},"end":{"line":86,"column":1}}},"4":{"name":"(anonymous_5)","decl":{"start":{"line":89,"column":48},"end":{"line":89,"column":53}},"loc":{"start":{"line":92,"column":4},"end":{"line":108,"column":1}}},"5":{"name":"(anonymous_6)","decl":{"start":{"line":111,"column":42},"end":{"line":111,"column":47}},"loc":{"start":{"line":111,"column":69},"end":{"line":123,"column":1}}},"6":{"name":"(anonymous_7)","decl":{"start":{"line":126,"column":41},"end":{"line":126,"column":46}},"loc":{"start":{"line":128,"column":4},"end":{"line":151,"column":1}}}},"branchMap":{},"s":{"0":1,"1":1,"2":1,"3":1,"4":0,"5":0,"6":0,"7":0,"8":0,"9":1,"10":1,"11":0,"12":0,"13":0,"14":0,"15":0,"16":1,"17":1,"18":0,"19":0,"20":0,"21":0,"22":0,"23":1,"24":1,"25":0,"26":0,"27":0,"28":0,"29":0,"30":1,"31":1,"32":0,"33":0,"34":0,"35":0,"36":0,"37":1,"38":1,"39":0,"40":0,"41":0,"42":0,"43":0,"44":1,"45":1,"46":0,"47":0,"48":0,"49":0,"50":0,"51":1},"f":{"0":0,"1":0,"2":0,"3":0,"4":0,"5":0,"6":0},"b":{}}
,"C:\\Users\\bryso\\builds\\Event-ticket-system\\eventApi\\src\\venue\\venue.controller.ts": {"path":"C:\\Users\\bryso\\builds\\Event-ticket-system\\eventApi\\src\\venue\\venue.controller.ts","statementMap":{"0":{"start":{"line":2,"column":0},"end":{"line":2,"column":null}},"1":{"start":{"line":11,"column":39},"end":{"line":23,"column":1}},"2":{"start":{"line":12,"column":2},"end":{"line":22,"column":3}},"3":{"start":{"line":13,"column":18},"end":{"line":13,"column":26}},"4":{"start":{"line":15,"column":25},"end":{"line":15,"column":56}},"5":{"start":{"line":16,"column":4},"end":{"line":17,"column":68}},"6":{"start":{"line":17,"column":6},"end":{"line":17,"column":68}},"7":{"start":{"line":19,"column":4},"end":{"line":19,"column":59}},"8":{"start":{"line":21,"column":4},"end":{"line":21,"column":58}},"9":{"start":{"line":11,"column":13},"end":{"line":11,"column":39}},"10":{"start":{"line":26,"column":34},"end":{"line":36,"column":1}},"11":{"start":{"line":27,"column":2},"end":{"line":35,"column":3}},"12":{"start":{"line":28,"column":18},"end":{"line":28,"column":41}},"13":{"start":{"line":29,"column":4},"end":{"line":31,"column":5}},"14":{"start":{"line":30,"column":6},"end":{"line":30,"column":65}},"15":{"start":{"line":32,"column":4},"end":{"line":32,"column":49}},"16":{"start":{"line":34,"column":4},"end":{"line":34,"column":58}},"17":{"start":{"line":26,"column":13},"end":{"line":26,"column":34}},"18":{"start":{"line":38,"column":38},"end":{"line":53,"column":1}},"19":{"start":{"line":39,"column":2},"end":{"line":52,"column":3}},"20":{"start":{"line":40,"column":15},"end":{"line":40,"column":38}},"21":{"start":{"line":41,"column":4},"end":{"line":43,"column":5}},"22":{"start":{"line":42,"column":6},"end":{"line":42,"column":61}},"23":{"start":{"line":45,"column":18},"end":{"line":45,"column":47}},"24":{"start":{"line":46,"column":4},"end":{"line":48,"column":5}},"25":{"start":{"line":47,"column":6},"end":{"line":47,"column":66}},"26":{"start":{"line":49,"column":4},"end":{"line":49,"column":49}},"27":{"start":{"line":51,"column":4},"end":{"line":51,"column":58}},"28":{"start":{"line":38,"column":13},"end":{"line":38,"column":38}},"29":{"start":{"line":55,"column":44},"end":{"line":77,"column":1}},"30":{"start":{"line":59,"column":2},"end":{"line":76,"column":3}},"31":{"start":{"line":60,"column":15},"end":{"line":60,"column":36}},"32":{"start":{"line":62,"column":4},"end":{"line":64,"column":5}},"33":{"start":{"line":63,"column":6},"end":{"line":63,"column":67}},"34":{"start":{"line":66,"column":18},"end":{"line":66,"column":53}},"35":{"start":{"line":68,"column":4},"end":{"line":70,"column":5}},"36":{"start":{"line":69,"column":6},"end":{"line":69,"column":66}},"37":{"start":{"line":72,"column":4},"end":{"line":72,"column":32}},"38":{"start":{"line":74,"column":4},"end":{"line":74,"column":62}},"39":{"start":{"line":75,"column":4},"end":{"line":75,"column":63}},"40":{"start":{"line":55,"column":13},"end":{"line":55,"column":44}},"41":{"start":{"line":80,"column":37},"end":{"line":102,"column":1}},"42":{"start":{"line":81,"column":2},"end":{"line":101,"column":3}},"43":{"start":{"line":82,"column":15},"end":{"line":82,"column":38}},"44":{"start":{"line":83,"column":4},"end":{"line":85,"column":5}},"45":{"start":{"line":84,"column":6},"end":{"line":84,"column":61}},"46":{"start":{"line":87,"column":18},"end":{"line":87,"column":26}},"47":{"start":{"line":89,"column":26},"end":{"line":89,"column":55}},"48":{"start":{"line":90,"column":4},"end":{"line":92,"column":5}},"49":{"start":{"line":91,"column":6},"end":{"line":91,"column":66}},"50":{"start":{"line":94,"column":25},"end":{"line":94,"column":60}},"51":{"start":{"line":95,"column":4},"end":{"line":97,"column":5}},"52":{"start":{"line":96,"column":6},"end":{"line":96,"column":68}},"53":{"start":{"line":98,"column":4},"end":{"line":98,"column":75}},"54":{"start":{"line":100,"column":4},"end":{"line":100,"column":58}},"55":{"start":{"line":80,"column":13},"end":{"line":80,"column":37}},"56":{"start":{"line":105,"column":37},"end":{"line":126,"column":1}},"57":{"start":{"line":106,"column":2},"end":{"line":125,"column":3}},"58":{"start":{"line":107,"column":15},"end":{"line":107,"column":38}},"59":{"start":{"line":108,"column":4},"end":{"line":110,"column":5}},"60":{"start":{"line":109,"column":6},"end":{"line":109,"column":61}},"61":{"start":{"line":112,"column":26},"end":{"line":112,"column":55}},"62":{"start":{"line":113,"column":4},"end":{"line":115,"column":5}},"63":{"start":{"line":114,"column":6},"end":{"line":114,"column":66}},"64":{"start":{"line":117,"column":20},"end":{"line":117,"column":48}},"65":{"start":{"line":118,"column":4},"end":{"line":120,"column":5}},"66":{"start":{"line":119,"column":6},"end":{"line":119,"column":68}},"67":{"start":{"line":122,"column":4},"end":{"line":122,"column":75}},"68":{"start":{"line":124,"column":4},"end":{"line":124,"column":58}},"69":{"start":{"line":105,"column":13},"end":{"line":105,"column":37}}},"fnMap":{"0":{"name":"(anonymous_0)","decl":{"start":{"line":11,"column":39},"end":{"line":11,"column":44}},"loc":{"start":{"line":11,"column":77},"end":{"line":23,"column":1}}},"1":{"name":"(anonymous_1)","decl":{"start":{"line":26,"column":34},"end":{"line":26,"column":39}},"loc":{"start":{"line":26,"column":73},"end":{"line":36,"column":1}}},"2":{"name":"(anonymous_2)","decl":{"start":{"line":38,"column":38},"end":{"line":38,"column":43}},"loc":{"start":{"line":38,"column":76},"end":{"line":53,"column":1}}},"3":{"name":"(anonymous_3)","decl":{"start":{"line":55,"column":44},"end":{"line":55,"column":49}},"loc":{"start":{"line":58,"column":4},"end":{"line":77,"column":1}}},"4":{"name":"(anonymous_4)","decl":{"start":{"line":80,"column":37},"end":{"line":80,"column":42}},"loc":{"start":{"line":80,"column":75},"end":{"line":102,"column":1}}},"5":{"name":"(anonymous_5)","decl":{"start":{"line":105,"column":37},"end":{"line":105,"column":42}},"loc":{"start":{"line":105,"column":75},"end":{"line":126,"column":1}}}},"branchMap":{"0":{"loc":{"start":{"line":16,"column":4},"end":{"line":17,"column":68}},"type":"if","locations":[{"start":{"line":16,"column":4},"end":{"line":17,"column":68}},{"start":{},"end":{}}]},"1":{"loc":{"start":{"line":29,"column":4},"end":{"line":31,"column":5}},"type":"if","locations":[{"start":{"line":29,"column":4},"end":{"line":31,"column":5}},{"start":{},"end":{}}]},"2":{"loc":{"start":{"line":29,"column":8},"end":{"line":29,"column":36}},"type":"binary-expr","locations":[{"start":{"line":29,"column":8},"end":{"line":29,"column":14}},{"start":{"line":29,"column":18},"end":{"line":29,"column":36}}]},"3":{"loc":{"start":{"line":41,"column":4},"end":{"line":43,"column":5}},"type":"if","locations":[{"start":{"line":41,"column":4},"end":{"line":43,"column":5}},{"start":{},"end":{}}]},"4":{"loc":{"start":{"line":46,"column":4},"end":{"line":48,"column":5}},"type":"if","locations":[{"start":{"line":46,"column":4},"end":{"line":48,"column":5}},{"start":{},"end":{}}]},"5":{"loc":{"start":{"line":62,"column":4},"end":{"line":64,"column":5}},"type":"if","locations":[{"start":{"line":62,"column":4},"end":{"line":64,"column":5}},{"start":{},"end":{}}]},"6":{"loc":{"start":{"line":68,"column":4},"end":{"line":70,"column":5}},"type":"if","locations":[{"start":{"line":68,"column":4},"end":{"line":70,"column":5}},{"start":{},"end":{}}]},"7":{"loc":{"start":{"line":83,"column":4},"end":{"line":85,"column":5}},"type":"if","locations":[{"start":{"line":83,"column":4},"end":{"line":85,"column":5}},{"start":{},"end":{}}]},"8":{"loc":{"start":{"line":90,"column":4},"end":{"line":92,"column":5}},"type":"if","locations":[{"start":{"line":90,"column":4},"end":{"line":92,"column":5}},{"start":{},"end":{}}]},"9":{"loc":{"start":{"line":95,"column":4},"end":{"line":97,"column":5}},"type":"if","locations":[{"start":{"line":95,"column":4},"end":{"line":97,"column":5}},{"start":{},"end":{}}]},"10":{"loc":{"start":{"line":108,"column":4},"end":{"line":110,"column":5}},"type":"if","locations":[{"start":{"line":108,"column":4},"end":{"line":110,"column":5}},{"start":{},"end":{}}]},"11":{"loc":{"start":{"line":113,"column":4},"end":{"line":115,"column":5}},"type":"if","locations":[{"start":{"line":113,"column":4},"end":{"line":115,"column":5}},{"start":{},"end":{}}]},"12":{"loc":{"start":{"line":118,"column":4},"end":{"line":120,"column":5}},"type":"if","locations":[{"start":{"line":118,"column":4},"end":{"line":120,"column":5}},{"start":{},"end":{}}]}},"s":{"0":1,"1":1,"2":2,"3":2,"4":2,"5":2,"6":0,"7":2,"8":0,"9":1,"10":1,"11":2,"12":2,"13":2,"14":0,"15":2,"16":0,"17":1,"18":1,"19":1,"20":1,"21":1,"22":0,"23":1,"24":1,"25":0,"26":1,"27":0,"28":1,"29":1,"30":0,"31":0,"32":0,"33":0,"34":0,"35":0,"36":0,"37":0,"38":0,"39":0,"40":1,"41":1,"42":1,"43":1,"44":1,"45":0,"46":1,"47":1,"48":1,"49":0,"50":1,"51":1,"52":0,"53":1,"54":0,"55":1,"56":1,"57":1,"58":1,"59":1,"60":0,"61":1,"62":1,"63":0,"64":1,"65":1,"66":0,"67":1,"68":0,"69":1},"f":{"0":2,"1":2,"2":1,"3":0,"4":1,"5":1},"b":{"0":[0,2],"1":[0,2],"2":[2,2],"3":[0,1],"4":[0,1],"5":[0,0],"6":[0,0],"7":[0,1],"8":[0,1],"9":[0,1],"10":[0,1],"11":[0,1],"12":[0,1]}}
,"C:\\Users\\bryso\\builds\\Event-ticket-system\\eventApi\\src\\venue\\venue.routers.ts": {"path":"C:\\Users\\bryso\\builds\\Event-ticket-system\\eventApi\\src\\venue\\venue.routers.ts","statementMap":{"0":{"start":{"line":2,"column":0},"end":{"line":2,"column":null}},"1":{"start":{"line":12,"column":14},"end":{"line":84,"column":1}},"2":{"start":{"line":14,"column":2},"end":{"line":23,"column":4}},"3":{"start":{"line":17,"column":6},"end":{"line":21,"column":7}},"4":{"start":{"line":18,"column":8},"end":{"line":18,"column":48}},"5":{"start":{"line":20,"column":8},"end":{"line":20,"column":20}},"6":{"start":{"line":26,"column":2},"end":{"line":35,"column":4}},"7":{"start":{"line":29,"column":6},"end":{"line":33,"column":7}},"8":{"start":{"line":30,"column":8},"end":{"line":30,"column":43}},"9":{"start":{"line":32,"column":8},"end":{"line":32,"column":20}},"10":{"start":{"line":38,"column":2},"end":{"line":47,"column":4}},"11":{"start":{"line":41,"column":6},"end":{"line":45,"column":7}},"12":{"start":{"line":42,"column":8},"end":{"line":42,"column":47}},"13":{"start":{"line":44,"column":8},"end":{"line":44,"column":20}},"14":{"start":{"line":50,"column":2},"end":{"line":59,"column":4}},"15":{"start":{"line":53,"column":6},"end":{"line":57,"column":7}},"16":{"start":{"line":54,"column":8},"end":{"line":54,"column":53}},"17":{"start":{"line":56,"column":8},"end":{"line":56,"column":20}},"18":{"start":{"line":62,"column":2},"end":{"line":71,"column":4}},"19":{"start":{"line":65,"column":6},"end":{"line":69,"column":7}},"20":{"start":{"line":66,"column":8},"end":{"line":66,"column":46}},"21":{"start":{"line":68,"column":8},"end":{"line":68,"column":20}},"22":{"start":{"line":74,"column":2},"end":{"line":83,"column":4}},"23":{"start":{"line":77,"column":6},"end":{"line":81,"column":7}},"24":{"start":{"line":78,"column":8},"end":{"line":78,"column":46}},"25":{"start":{"line":80,"column":8},"end":{"line":80,"column":20}},"26":{"start":{"line":86,"column":0},"end":{"line":86,"column":21}}},"fnMap":{"0":{"name":"(anonymous_0)","decl":{"start":{"line":12,"column":14},"end":{"line":12,"column":15}},"loc":{"start":{"line":12,"column":31},"end":{"line":84,"column":1}}},"1":{"name":"(anonymous_1)","decl":{"start":{"line":16,"column":4},"end":{"line":16,"column":9}},"loc":{"start":{"line":16,"column":29},"end":{"line":22,"column":5}}},"2":{"name":"(anonymous_2)","decl":{"start":{"line":28,"column":4},"end":{"line":28,"column":9}},"loc":{"start":{"line":28,"column":29},"end":{"line":34,"column":5}}},"3":{"name":"(anonymous_3)","decl":{"start":{"line":40,"column":4},"end":{"line":40,"column":9}},"loc":{"start":{"line":40,"column":29},"end":{"line":46,"column":5}}},"4":{"name":"(anonymous_4)","decl":{"start":{"line":52,"column":4},"end":{"line":52,"column":9}},"loc":{"start":{"line":52,"column":29},"end":{"line":58,"column":5}}},"5":{"name":"(anonymous_5)","decl":{"start":{"line":64,"column":4},"end":{"line":64,"column":9}},"loc":{"start":{"line":64,"column":29},"end":{"line":70,"column":5}}},"6":{"name":"(anonymous_6)","decl":{"start":{"line":76,"column":4},"end":{"line":76,"column":9}},"loc":{"start":{"line":76,"column":29},"end":{"line":82,"column":5}}}},"branchMap":{},"s":{"0":1,"1":1,"2":1,"3":2,"4":2,"5":0,"6":1,"7":2,"8":2,"9":0,"10":1,"11":1,"12":1,"13":0,"14":1,"15":0,"16":0,"17":0,"18":1,"19":1,"20":1,"21":0,"22":1,"23":1,"24":1,"25":0,"26":1},"f":{"0":1,"1":2,"2":2,"3":1,"4":0,"5":1,"6":1},"b":{}}
,"C:\\Users\\bryso\\builds\\Event-ticket-system\\eventApi\\src\\venue\\venue.service.ts": {"path":"C:\\Users\\bryso\\builds\\Event-ticket-system\\eventApi\\src\\venue\\venue.service.ts","statementMap":{"0":{"start":{"line":1,"column":0},"end":{"line":1,"column":33}},"1":{"start":{"line":2,"column":0},"end":{"line":2,"column":31}},"2":{"start":{"line":3,"column":0},"end":{"line":3,"column":57}},"3":{"start":{"line":6,"column":34},"end":{"line":9,"column":1}},"4":{"start":{"line":7,"column":2},"end":{"line":7,"column":57}},"5":{"start":{"line":8,"column":2},"end":{"line":8,"column":36}},"6":{"start":{"line":6,"column":13},"end":{"line":6,"column":34}},"7":{"start":{"line":12,"column":31},"end":{"line":15,"column":1}},"8":{"start":{"line":13,"column":16},"end":{"line":13,"column":51}},"9":{"start":{"line":14,"column":2},"end":{"line":14,"column":15}},"10":{"start":{"line":12,"column":13},"end":{"line":12,"column":31}},"11":{"start":{"line":18,"column":35},"end":{"line":23,"column":1}},"12":{"start":{"line":19,"column":16},"end":{"line":21,"column":4}},"13":{"start":{"line":22,"column":2},"end":{"line":22,"column":15}},"14":{"start":{"line":18,"column":13},"end":{"line":18,"column":35}},"15":{"start":{"line":26,"column":34},"end":{"line":33,"column":1}},"16":{"start":{"line":27,"column":2},"end":{"line":31,"column":17}},"17":{"start":{"line":32,"column":2},"end":{"line":32,"column":38}},"18":{"start":{"line":26,"column":13},"end":{"line":26,"column":34}},"19":{"start":{"line":36,"column":34},"end":{"line":42,"column":1}},"20":{"start":{"line":37,"column":23},"end":{"line":40,"column":16}},"21":{"start":{"line":41,"column":2},"end":{"line":41,"column":25}},"22":{"start":{"line":36,"column":13},"end":{"line":36,"column":34}},"23":{"start":{"line":44,"column":41},"end":{"line":60,"column":1}},"24":{"start":{"line":45,"column":2},"end":{"line":59,"column":3}},"25":{"start":{"line":46,"column":18},"end":{"line":53,"column":6}},"26":{"start":{"line":50,"column":40},"end":{"line":50,"column":63}},"27":{"start":{"line":55,"column":4},"end":{"line":55,"column":17}},"28":{"start":{"line":57,"column":4},"end":{"line":57,"column":64}},"29":{"start":{"line":58,"column":4},"end":{"line":58,"column":16}},"30":{"start":{"line":44,"column":13},"end":{"line":44,"column":41}}},"fnMap":{"0":{"name":"(anonymous_1)","decl":{"start":{"line":6,"column":34},"end":{"line":6,"column":39}},"loc":{"start":{"line":6,"column":59},"end":{"line":9,"column":1}}},"1":{"name":"(anonymous_2)","decl":{"start":{"line":12,"column":31},"end":{"line":12,"column":36}},"loc":{"start":{"line":12,"column":42},"end":{"line":15,"column":1}}},"2":{"name":"(anonymous_3)","decl":{"start":{"line":18,"column":35},"end":{"line":18,"column":40}},"loc":{"start":{"line":18,"column":56},"end":{"line":23,"column":1}}},"3":{"name":"(anonymous_4)","decl":{"start":{"line":26,"column":34},"end":{"line":26,"column":39}},"loc":{"start":{"line":26,"column":71},"end":{"line":33,"column":1}}},"4":{"name":"(anonymous_5)","decl":{"start":{"line":36,"column":34},"end":{"line":36,"column":39}},"loc":{"start":{"line":36,"column":55},"end":{"line":42,"column":1}}},"5":{"name":"(anonymous_6)","decl":{"start":{"line":44,"column":41},"end":{"line":44,"column":46}},"loc":{"start":{"line":44,"column":67},"end":{"line":60,"column":1}}},"6":{"name":"(anonymous_7)","decl":{"start":{"line":50,"column":19},"end":{"line":50,"column":20}},"loc":{"start":{"line":50,"column":40},"end":{"line":50,"column":63}}}},"branchMap":{},"s":{"0":1,"1":1,"2":1,"3":1,"4":2,"5":2,"6":1,"7":1,"8":2,"9":2,"10":1,"11":1,"12":3,"13":3,"14":1,"15":1,"16":1,"17":1,"18":1,"19":1,"20":1,"21":1,"22":1,"23":1,"24":0,"25":0,"26":0,"27":0,"28":0,"29":0,"30":1},"f":{"0":2,"1":2,"2":3,"3":1,"4":1,"5":0,"6":0},"b":{}}
}
