TN:
SF:src\index.ts
FN:23,(anonymous_1)
FN:26,(anonymous_2)
FNF:2
FNH:1
FNDA:0,(anonymous_1)
FNDA:1,(anonymous_2)
DA:1,1
DA:2,1
DA:3,1
DA:4,1
DA:6,1
DA:7,1
DA:8,1
DA:11,1
DA:13,1
DA:16,1
DA:17,1
DA:18,1
DA:19,1
DA:20,1
DA:21,1
DA:23,1
DA:24,0
DA:26,1
DA:27,1
DA:29,1
LF:20
LH:19
BRF:0
BRH:0
end_of_record
TN:
SF:src\Events\event.Service.ts
FN:5,(anonymous_1)
FN:13,(anonymous_2)
FN:19,(anonymous_3)
FN:26,(anonymous_4)
FN:35,(anonymous_5)
FNF:5
FNH:0
FNDA:0,(anonymous_1)
FNDA:0,(anonymous_2)
FNDA:0,(anonymous_3)
FNDA:0,(anonymous_4)
FNDA:0,(anonymous_5)
DA:1,1
DA:2,1
DA:3,1
DA:5,1
DA:6,0
DA:7,0
DA:8,0
DA:10,0
DA:13,1
DA:14,0
DA:15,0
DA:19,1
DA:20,0
DA:23,0
DA:26,1
DA:27,0
DA:32,0
DA:35,1
DA:36,0
DA:40,0
LF:20
LH:8
BRDA:7,0,0,0
BRDA:7,0,1,0
BRF:2
BRH:0
end_of_record
TN:
SF:src\Events\event.controller.ts
FN:11,(anonymous_0)
FN:24,(anonymous_1)
FN:37,(anonymous_2)
FN:51,(anonymous_3)
FN:71,(anonymous_4)
FNF:5
FNH:0
FNDA:0,(anonymous_0)
FNDA:0,(anonymous_1)
FNDA:0,(anonymous_2)
FNDA:0,(anonymous_3)
FNDA:0,(anonymous_4)
DA:2,1
DA:11,1
DA:12,0
DA:13,0
DA:15,0
DA:16,0
DA:17,0
DA:19,0
DA:24,1
DA:25,0
DA:26,0
DA:27,0
DA:28,0
DA:30,0
DA:32,0
DA:37,1
DA:38,0
DA:39,0
DA:40,0
DA:42,0
DA:43,0
DA:44,0
DA:46,0
DA:51,1
DA:52,0
DA:53,0
DA:54,0
DA:56,0
DA:57,0
DA:58,0
DA:59,0
DA:62,0
DA:63,0
DA:64,0
DA:66,0
DA:71,1
DA:72,0
DA:73,0
DA:74,0
DA:76,0
DA:77,0
DA:78,0
DA:80,0
DA:81,0
DA:83,0
DA:85,0
LF:46
LH:6
BRDA:16,0,0,0
BRDA:16,0,1,0
BRDA:27,1,0,0
BRDA:27,1,1,0
BRDA:27,2,0,0
BRDA:27,2,1,0
BRDA:40,3,0,0
BRDA:40,3,1,0
BRDA:43,4,0,0
BRDA:43,4,1,0
BRDA:54,5,0,0
BRDA:54,5,1,0
BRDA:58,6,0,0
BRDA:58,6,1,0
BRDA:63,7,0,0
BRDA:63,7,1,0
BRDA:74,8,0,0
BRDA:74,8,1,0
BRDA:77,9,0,0
BRDA:77,9,1,0
BRDA:81,10,0,0
BRDA:81,10,1,0
BRF:22
BRH:0
end_of_record
TN:
SF:src\Events\event.router.ts
FN:10,(anonymous_0)
FN:11,(anonymous_1)
FN:19,(anonymous_2)
FN:27,(anonymous_3)
FN:35,(anonymous_4)
FN:43,(anonymous_5)
FNF:6
FNH:1
FNDA:1,(anonymous_0)
FNDA:0,(anonymous_1)
FNDA:0,(anonymous_2)
FNDA:0,(anonymous_3)
FNDA:0,(anonymous_4)
FNDA:0,(anonymous_5)
DA:3,1
DA:10,1
DA:11,1
DA:12,0
DA:13,0
DA:15,0
DA:19,1
DA:20,0
DA:21,0
DA:23,0
DA:27,1
DA:28,0
DA:29,0
DA:31,0
DA:35,1
DA:36,0
DA:37,0
DA:39,0
DA:43,1
DA:44,0
DA:45,0
DA:47,0
DA:51,1
LF:23
LH:8
BRF:0
BRH:0
end_of_record
TN:
SF:src\auth\auth.controller.ts
FN:20,(anonymous_1)
FN:66,(anonymous_2)
FN:101,(anonymous_3)
FN:225,(anonymous_4)
FN:238,(anonymous_5)
FN:259,(anonymous_6)
FN:290,(anonymous_7)
FNF:7
FNH:1
FNDA:0,(anonymous_1)
FNDA:0,(anonymous_2)
FNDA:2,(anonymous_3)
FNDA:0,(anonymous_4)
FNDA:0,(anonymous_5)
FNDA:0,(anonymous_6)
FNDA:0,(anonymous_7)
DA:1,1
DA:3,1
DA:15,1
DA:16,1
DA:20,1
DA:24,0
DA:25,0
DA:26,0
DA:27,0
DA:28,0
DA:31,0
DA:34,0
DA:35,0
DA:37,0
DA:38,0
DA:40,0
DA:41,0
DA:52,0
DA:54,0
DA:62,0
DA:66,1
DA:67,0
DA:68,0
DA:69,0
DA:70,0
DA:71,0
DA:74,0
DA:75,0
DA:77,0
DA:78,0
DA:89,0
DA:92,0
DA:94,0
DA:97,0
DA:101,1
DA:102,2
DA:103,2
DA:105,2
DA:106,0
DA:110,2
DA:111,0
DA:116,2
DA:118,2
DA:119,0
DA:122,2
DA:127,2
DA:128,0
DA:132,2
DA:135,2
DA:136,0
DA:139,0
DA:145,2
DA:154,2
DA:156,2
DA:169,0
DA:170,0
DA:225,1
DA:226,0
DA:227,0
DA:228,0
DA:229,0
DA:231,0
DA:233,0
DA:238,1
DA:242,0
DA:243,0
DA:244,0
DA:245,0
DA:248,0
DA:249,0
DA:250,0
DA:252,0
DA:254,0
DA:259,1
DA:260,0
DA:261,0
DA:262,0
DA:263,0
DA:266,0
DA:269,0
DA:270,0
DA:273,0
DA:274,0
DA:275,0
DA:278,0
DA:279,0
DA:280,0
DA:282,0
DA:284,0
DA:290,1
DA:291,0
DA:292,0
DA:293,0
DA:294,0
DA:297,0
DA:298,0
DA:299,0
DA:302,0
DA:303,0
DA:304,0
DA:307,0
DA:309,0
LF:102
LH:24
BRDA:38,0,0,0
BRDA:38,0,1,0
BRDA:70,1,0,0
BRDA:70,1,1,0
BRDA:74,2,0,0
BRDA:74,2,1,0
BRDA:105,3,0,0
BRDA:105,3,1,2
BRDA:105,4,0,2
BRDA:105,4,1,2
BRDA:105,4,2,2
BRDA:110,5,0,0
BRDA:110,5,1,2
BRDA:110,6,0,2
BRDA:110,6,1,2
BRDA:110,6,2,2
BRDA:118,7,0,0
BRDA:118,7,1,2
BRDA:127,8,0,0
BRDA:127,8,1,2
BRDA:135,9,0,0
BRDA:135,9,1,2
BRDA:228,10,0,0
BRDA:228,10,1,0
BRDA:228,11,0,0
BRDA:228,11,1,0
BRDA:244,12,0,0
BRDA:244,12,1,0
BRDA:249,13,0,0
BRDA:249,13,1,0
BRDA:262,14,0,0
BRDA:262,14,1,0
BRDA:269,15,0,0
BRDA:269,15,1,0
BRDA:274,16,0,0
BRDA:274,16,1,0
BRDA:279,17,0,0
BRDA:279,17,1,0
BRDA:293,18,0,0
BRDA:293,18,1,0
BRDA:298,19,0,0
BRDA:298,19,1,0
BRDA:303,20,0,0
BRDA:303,20,1,0
BRF:44
BRH:11
end_of_record
TN:
SF:src\auth\auth.router.ts
FN:14,(anonymous_0)
FN:15,(anonymous_1)
FN:24,(anonymous_2)
FN:33,(anonymous_3)
FN:42,(anonymous_4)
FN:51,(anonymous_5)
FN:60,(anonymous_6)
FN:68,(anonymous_7)
FNF:8
FNH:2
FNDA:1,(anonymous_0)
FNDA:0,(anonymous_1)
FNDA:0,(anonymous_2)
FNDA:0,(anonymous_3)
FNDA:0,(anonymous_4)
FNDA:0,(anonymous_5)
FNDA:2,(anonymous_6)
FNDA:0,(anonymous_7)
DA:4,1
DA:14,1
DA:15,1
DA:16,0
DA:17,0
DA:19,0
DA:24,1
DA:25,0
DA:26,0
DA:28,0
DA:33,1
DA:34,0
DA:35,0
DA:37,0
DA:42,1
DA:43,0
DA:44,0
DA:46,0
DA:51,1
DA:52,0
DA:53,0
DA:55,0
DA:60,1
DA:61,2
DA:62,2
DA:64,0
DA:68,1
DA:69,0
DA:70,0
DA:72,0
DA:77,1
LF:31
LH:12
BRF:0
BRH:0
end_of_record
TN:
SF:src\auth\auth.service.ts
FN:7,(anonymous_1)
FN:12,(anonymous_2)
FN:19,(anonymous_3)
FN:81,(anonymous_4)
FN:87,(anonymous_5)
FN:94,(anonymous_6)
FN:101,(anonymous_7)
FN:114,(anonymous_8)
FNF:8
FNH:1
FNDA:0,(anonymous_1)
FNDA:0,(anonymous_2)
FNDA:0,(anonymous_3)
FNDA:0,(anonymous_4)
FNDA:0,(anonymous_5)
FNDA:2,(anonymous_6)
FNDA:0,(anonymous_7)
FNDA:0,(anonymous_8)
DA:1,1
DA:2,1
DA:3,1
DA:4,1
DA:7,1
DA:8,0
DA:9,0
DA:12,1
DA:13,0
DA:19,1
DA:20,0
DA:22,0
DA:81,1
DA:82,0
DA:83,0
DA:87,1
DA:88,0
DA:91,0
DA:94,1
DA:95,2
DA:101,1
DA:105,0
DA:110,0
DA:114,1
DA:115,0
DA:119,0
LF:26
LH:13
BRF:0
BRH:0
end_of_record
TN:
SF:src\bookings\booking.router.ts
FN:12,(anonymous_0)
FN:15,(anonymous_1)
FN:26,(anonymous_2)
FN:37,(anonymous_3)
FN:48,(anonymous_4)
FN:59,(anonymous_5)
FN:70,(anonymous_6)
FNF:7
FNH:1
FNDA:1,(anonymous_0)
FNDA:0,(anonymous_1)
FNDA:0,(anonymous_2)
FNDA:0,(anonymous_3)
FNDA:0,(anonymous_4)
FNDA:0,(anonymous_5)
FNDA:0,(anonymous_6)
DA:2,1
DA:12,1
DA:13,1
DA:16,0
DA:17,0
DA:19,0
DA:24,1
DA:27,0
DA:28,0
DA:30,0
DA:35,1
DA:38,0
DA:39,0
DA:41,0
DA:46,1
DA:49,0
DA:50,0
DA:52,0
DA:57,1
DA:60,0
DA:61,0
DA:63,0
DA:68,1
DA:71,0
DA:72,0
DA:74,0
DA:80,1
LF:27
LH:9
BRF:0
BRH:0
end_of_record
TN:
SF:src\bookings\bookings.controller.ts
FN:11,(anonymous_0)
FN:22,(anonymous_1)
FN:34,(anonymous_2)
FN:47,(anonymous_3)
FN:65,(anonymous_4)
FN:85,(anonymous_5)
FNF:6
FNH:0
FNDA:0,(anonymous_0)
FNDA:0,(anonymous_1)
FNDA:0,(anonymous_2)
FNDA:0,(anonymous_3)
FNDA:0,(anonymous_4)
FNDA:0,(anonymous_5)
DA:2,1
DA:11,1
DA:12,0
DA:13,0
DA:14,0
DA:15,0
DA:16,0
DA:18,0
DA:22,1
DA:23,0
DA:24,0
DA:25,0
DA:26,0
DA:28,0
DA:30,0
DA:34,1
DA:35,0
DA:36,0
DA:37,0
DA:39,0
DA:40,0
DA:41,0
DA:43,0
DA:47,1
DA:51,0
DA:52,0
DA:53,0
DA:54,0
DA:56,0
DA:57,0
DA:58,0
DA:59,0
DA:61,0
DA:65,1
DA:66,0
DA:67,0
DA:68,0
DA:70,0
DA:71,0
DA:72,0
DA:73,0
DA:75,0
DA:76,0
DA:77,0
DA:79,0
DA:81,0
DA:85,1
DA:86,0
DA:87,0
DA:88,0
DA:90,0
DA:91,0
DA:92,0
DA:94,0
DA:95,0
DA:96,0
DA:98,0
DA:100,0
LF:58
LH:7
BRDA:15,0,0,0
BRDA:15,0,1,0
BRDA:25,1,0,0
BRDA:25,1,1,0
BRDA:25,2,0,0
BRDA:25,2,1,0
BRDA:37,3,0,0
BRDA:37,3,1,0
BRDA:40,4,0,0
BRDA:40,4,1,0
BRDA:53,5,0,0
BRDA:53,5,1,0
BRDA:57,6,0,0
BRDA:57,6,1,0
BRDA:68,7,0,0
BRDA:68,7,1,0
BRDA:72,8,0,0
BRDA:72,8,1,0
BRDA:76,9,0,0
BRDA:76,9,1,0
BRDA:88,10,0,0
BRDA:88,10,1,0
BRDA:91,11,0,0
BRDA:91,11,1,0
BRDA:95,12,0,0
BRDA:95,12,1,0
BRF:26
BRH:0
end_of_record
TN:
SF:src\bookings\bookings.service.ts
FN:5,(anonymous_1)
FN:10,(anonymous_2)
FN:15,(anonymous_3)
FN:22,(anonymous_4)
FN:29,(anonymous_5)
FN:37,(anonymous_6)
FNF:6
FNH:0
FNDA:0,(anonymous_1)
FNDA:0,(anonymous_2)
FNDA:0,(anonymous_3)
FNDA:0,(anonymous_4)
FNDA:0,(anonymous_5)
FNDA:0,(anonymous_6)
DA:1,1
DA:2,1
DA:3,1
DA:5,1
DA:6,0
DA:7,0
DA:10,1
DA:11,0
DA:12,0
DA:15,1
DA:16,0
DA:19,0
DA:22,1
DA:23,0
DA:26,0
DA:29,1
DA:30,0
DA:34,0
DA:37,1
DA:38,0
DA:41,0
LF:21
LH:9
BRF:0
BRH:0
end_of_record
TN:
SF:src\mailer\mailer.ts
FN:3,(anonymous_1)
FNF:1
FNH:0
FNDA:0,(anonymous_1)
DA:1,1
DA:3,1
DA:9,0
DA:10,0
DA:23,0
DA:32,0
DA:33,0
DA:36,0
DA:38,0
DA:39,0
DA:40,0
DA:42,0
DA:45,0
LF:13
LH:2
BRDA:36,0,0,0
BRDA:36,0,1,0
BRDA:39,1,0,0
BRDA:39,1,1,0
BRF:4
BRH:0
end_of_record
TN:
SF:src\payments\payment.controller.ts
FN:11,(anonymous_0)
FN:24,(anonymous_1)
FN:36,(anonymous_2)
FN:63,(anonymous_3)
FN:77,(anonymous_4)
FN:91,(anonymous_5)
FNF:6
FNH:0
FNDA:0,(anonymous_0)
FNDA:0,(anonymous_1)
FNDA:0,(anonymous_2)
FNDA:0,(anonymous_3)
FNDA:0,(anonymous_4)
FNDA:0,(anonymous_5)
DA:2,1
DA:11,1
DA:15,0
DA:16,0
DA:17,0
DA:18,0
DA:20,0
DA:24,1
DA:25,0
DA:26,0
DA:27,0
DA:28,0
DA:30,0
DA:32,0
DA:36,1
DA:40,0
DA:42,0
DA:43,0
DA:46,0
DA:48,0
DA:49,0
DA:55,0
DA:63,1
DA:64,0
DA:65,0
DA:66,0
DA:68,0
DA:69,0
DA:71,0
DA:73,0
DA:77,1
DA:78,0
DA:79,0
DA:80,0
DA:82,0
DA:83,0
DA:85,0
DA:87,0
DA:91,1
DA:92,0
DA:93,0
DA:94,0
DA:96,0
DA:97,0
DA:98,0
DA:100,0
DA:101,0
DA:102,0
DA:104,0
DA:106,0
LF:50
LH:7
BRDA:17,0,0,0
BRDA:17,0,1,0
BRDA:27,1,0,0
BRDA:27,1,1,0
BRDA:27,2,0,0
BRDA:27,2,1,0
BRDA:42,3,0,0
BRDA:42,3,1,0
BRDA:48,4,0,0
BRDA:48,4,1,0
BRDA:48,5,0,0
BRDA:48,5,1,0
BRDA:66,6,0,0
BRDA:66,6,1,0
BRDA:69,7,0,0
BRDA:69,7,1,0
BRDA:80,8,0,0
BRDA:80,8,1,0
BRDA:83,9,0,0
BRDA:83,9,1,0
BRDA:94,10,0,0
BRDA:94,10,1,0
BRDA:97,11,0,0
BRDA:97,11,1,0
BRDA:101,12,0,0
BRDA:101,12,1,0
BRF:26
BRH:0
end_of_record
TN:
SF:src\payments\payment.router.ts
FN:12,(anonymous_0)
FN:15,(anonymous_1)
FN:26,(anonymous_2)
FN:37,(anonymous_3)
FN:59,(anonymous_4)
FN:70,(anonymous_5)
FN:78,(anonymous_6)
FNF:7
FNH:1
FNDA:1,(anonymous_0)
FNDA:0,(anonymous_1)
FNDA:0,(anonymous_2)
FNDA:0,(anonymous_3)
FNDA:0,(anonymous_4)
FNDA:0,(anonymous_5)
FNDA:0,(anonymous_6)
DA:2,1
DA:12,1
DA:13,1
DA:16,0
DA:17,0
DA:19,0
DA:24,1
DA:27,0
DA:28,0
DA:30,0
DA:35,1
DA:38,0
DA:39,0
DA:41,0
DA:57,1
DA:60,0
DA:61,0
DA:63,0
DA:68,1
DA:71,0
DA:72,0
DA:74,0
DA:78,1
DA:79,0
DA:80,0
DA:82,0
DA:87,1
LF:27
LH:9
BRF:0
BRH:0
end_of_record
TN:
SF:src\payments\payment.service.ts
FN:5,(anonymous_1)
FN:10,(anonymous_2)
FN:15,(anonymous_3)
FN:21,(anonymous_4)
FN:30,(anonymous_5)
FN:38,(anonymous_6)
FNF:6
FNH:0
FNDA:0,(anonymous_1)
FNDA:0,(anonymous_2)
FNDA:0,(anonymous_3)
FNDA:0,(anonymous_4)
FNDA:0,(anonymous_5)
FNDA:0,(anonymous_6)
DA:1,1
DA:2,1
DA:3,1
DA:5,1
DA:6,0
DA:7,0
DA:10,1
DA:11,0
DA:12,0
DA:15,1
DA:16,0
DA:19,0
DA:21,1
DA:22,0
DA:27,0
DA:30,1
DA:31,0
DA:35,0
DA:38,1
DA:39,0
LF:20
LH:9
BRF:0
BRH:0
end_of_record
TN:
SF:src\support_tickets\support_tickets.controller.ts
FN:13,(anonymous_0)
FN:43,(anonymous_1)
FN:57,(anonymous_2)
FN:77,(anonymous_3)
FN:102,(anonymous_4)
FN:144,(anonymous_5)
FN:172,(anonymous_6)
FNF:7
FNH:0
FNDA:0,(anonymous_0)
FNDA:0,(anonymous_1)
FNDA:0,(anonymous_2)
FNDA:0,(anonymous_3)
FNDA:0,(anonymous_4)
FNDA:0,(anonymous_5)
FNDA:0,(anonymous_6)
DA:2,1
DA:13,1
DA:17,0
DA:18,0
DA:20,0
DA:21,0
DA:26,0
DA:32,0
DA:37,0
DA:38,0
DA:43,1
DA:47,0
DA:48,0
DA:49,0
DA:51,0
DA:52,0
DA:57,1
DA:61,0
DA:62,0
DA:64,0
DA:65,0
DA:68,0
DA:69,0
DA:71,0
DA:72,0
DA:77,1
DA:81,0
DA:82,0
DA:84,0
DA:85,0
DA:88,0
DA:90,0
DA:91,0
DA:94,0
DA:96,0
DA:97,0
DA:102,1
DA:106,0
DA:107,0
DA:108,0
DA:110,0
DA:111,0
DA:114,0
DA:118,0
DA:124,0
DA:129,0
DA:130,0
DA:133,0
DA:138,0
DA:139,0
DA:144,1
DA:148,0
DA:149,0
DA:151,0
DA:152,0
DA:155,0
DA:157,0
DA:158,0
DA:161,0
DA:166,0
DA:167,0
DA:172,1
DA:176,0
DA:177,0
DA:179,0
DA:180,0
DA:186,0
DA:189,0
DA:191,0
DA:192,0
LF:70
LH:8
BRDA:20,0,0,0
BRDA:20,0,1,0
BRDA:20,1,0,0
BRDA:20,1,1,0
BRDA:20,1,2,0
BRDA:64,2,0,0
BRDA:64,2,1,0
BRDA:84,3,0,0
BRDA:84,3,1,0
BRDA:90,4,0,0
BRDA:90,4,1,0
BRDA:110,5,0,0
BRDA:110,5,1,0
BRDA:114,6,0,0
BRDA:114,6,1,0
BRDA:115,7,0,0
BRDA:115,7,1,0
BRDA:129,8,0,0
BRDA:129,8,1,0
BRDA:151,9,0,0
BRDA:151,9,1,0
BRDA:157,10,0,0
BRDA:157,10,1,0
BRDA:179,11,0,0
BRDA:179,11,1,0
BRF:25
BRH:0
end_of_record
TN:
SF:src\support_tickets\support_tickets.router.ts
FN:12,(anonymous_0)
FN:16,(anonymous_1)
FN:28,(anonymous_2)
FN:40,(anonymous_3)
FN:52,(anonymous_4)
FN:65,(anonymous_5)
FN:77,(anonymous_6)
FN:89,(anonymous_7)
FNF:8
FNH:1
FNDA:1,(anonymous_0)
FNDA:0,(anonymous_1)
FNDA:0,(anonymous_2)
FNDA:0,(anonymous_3)
FNDA:0,(anonymous_4)
FNDA:0,(anonymous_5)
FNDA:0,(anonymous_6)
FNDA:0,(anonymous_7)
DA:1,1
DA:12,1
DA:14,1
DA:17,0
DA:18,0
DA:20,0
DA:26,1
DA:29,0
DA:30,0
DA:32,0
DA:38,1
DA:41,0
DA:42,0
DA:44,0
DA:50,1
DA:53,0
DA:54,0
DA:56,0
DA:63,1
DA:66,0
DA:67,0
DA:69,0
DA:75,1
DA:78,0
DA:79,0
DA:81,0
DA:87,1
DA:90,0
DA:91,0
DA:93,0
DA:98,1
LF:31
LH:10
BRF:0
BRH:0
end_of_record
TN:
SF:src\support_tickets\support_tickets.service.ts
FN:7,(anonymous_1)
FN:24,(anonymous_2)
FN:49,(anonymous_3)
FN:64,(anonymous_4)
FN:89,(anonymous_5)
FN:111,(anonymous_6)
FN:126,(anonymous_7)
FNF:7
FNH:0
FNDA:0,(anonymous_1)
FNDA:0,(anonymous_2)
FNDA:0,(anonymous_3)
FNDA:0,(anonymous_4)
FNDA:0,(anonymous_5)
FNDA:0,(anonymous_6)
FNDA:0,(anonymous_7)
DA:1,1
DA:2,1
DA:3,1
DA:7,1
DA:10,0
DA:11,0
DA:16,0
DA:18,0
DA:19,0
DA:24,1
DA:25,0
DA:26,0
DA:41,0
DA:43,0
DA:44,0
DA:49,1
DA:50,0
DA:51,0
DA:56,0
DA:58,0
DA:59,0
DA:64,1
DA:65,0
DA:66,0
DA:81,0
DA:83,0
DA:84,0
DA:89,1
DA:93,0
DA:94,0
DA:103,0
DA:105,0
DA:106,0
DA:111,1
DA:112,0
DA:113,0
DA:118,0
DA:120,0
DA:121,0
DA:126,1
DA:129,0
DA:130,0
DA:146,0
DA:148,0
DA:149,0
LF:45
LH:10
BRF:0
BRH:0
end_of_record
TN:
SF:src\venue\venue.controller.ts
FN:11,(anonymous_0)
FN:26,(anonymous_1)
FN:38,(anonymous_2)
FN:55,(anonymous_3)
FN:80,(anonymous_4)
FN:105,(anonymous_5)
FNF:6
FNH:5
FNDA:2,(anonymous_0)
FNDA:2,(anonymous_1)
FNDA:1,(anonymous_2)
FNDA:0,(anonymous_3)
FNDA:1,(anonymous_4)
FNDA:1,(anonymous_5)
DA:2,1
DA:11,1
DA:12,2
DA:13,2
DA:15,2
DA:16,2
DA:17,0
DA:19,2
DA:21,0
DA:26,1
DA:27,2
DA:28,2
DA:29,2
DA:30,0
DA:32,2
DA:34,0
DA:38,1
DA:39,1
DA:40,1
DA:41,1
DA:42,0
DA:45,1
DA:46,1
DA:47,0
DA:49,1
DA:51,0
DA:55,1
DA:59,0
DA:60,0
DA:62,0
DA:63,0
DA:66,0
DA:68,0
DA:69,0
DA:72,0
DA:74,0
DA:75,0
DA:80,1
DA:81,1
DA:82,1
DA:83,1
DA:84,0
DA:87,1
DA:89,1
DA:90,1
DA:91,0
DA:94,1
DA:95,1
DA:96,0
DA:98,1
DA:100,0
DA:105,1
DA:106,1
DA:107,1
DA:108,1
DA:109,0
DA:112,1
DA:113,1
DA:114,0
DA:117,1
DA:118,1
DA:119,0
DA:122,1
DA:124,0
LF:64
LH:39
BRDA:16,0,0,0
BRDA:16,0,1,2
BRDA:29,1,0,0
BRDA:29,1,1,2
BRDA:29,2,0,2
BRDA:29,2,1,2
BRDA:41,3,0,0
BRDA:41,3,1,1
BRDA:46,4,0,0
BRDA:46,4,1,1
BRDA:62,5,0,0
BRDA:62,5,1,0
BRDA:68,6,0,0
BRDA:68,6,1,0
BRDA:83,7,0,0
BRDA:83,7,1,1
BRDA:90,8,0,0
BRDA:90,8,1,1
BRDA:95,9,0,0
BRDA:95,9,1,1
BRDA:108,10,0,0
BRDA:108,10,1,1
BRDA:113,11,0,0
BRDA:113,11,1,1
BRDA:118,12,0,0
BRDA:118,12,1,1
BRF:26
BRH:12
end_of_record
TN:
SF:src\venue\venue.routers.ts
FN:12,(anonymous_0)
FN:16,(anonymous_1)
FN:28,(anonymous_2)
FN:40,(anonymous_3)
FN:52,(anonymous_4)
FN:64,(anonymous_5)
FN:76,(anonymous_6)
FNF:7
FNH:6
FNDA:1,(anonymous_0)
FNDA:2,(anonymous_1)
FNDA:2,(anonymous_2)
FNDA:1,(anonymous_3)
FNDA:0,(anonymous_4)
FNDA:1,(anonymous_5)
FNDA:1,(anonymous_6)
DA:2,1
DA:12,1
DA:14,1
DA:17,2
DA:18,2
DA:20,0
DA:26,1
DA:29,2
DA:30,2
DA:32,0
DA:38,1
DA:41,1
DA:42,1
DA:44,0
DA:50,1
DA:53,0
DA:54,0
DA:56,0
DA:62,1
DA:65,1
DA:66,1
DA:68,0
DA:74,1
DA:77,1
DA:78,1
DA:80,0
DA:86,1
LF:27
LH:19
BRF:0
BRH:0
end_of_record
TN:
SF:src\venue\venue.service.ts
FN:6,(anonymous_1)
FN:12,(anonymous_2)
FN:18,(anonymous_3)
FN:26,(anonymous_4)
FN:36,(anonymous_5)
FN:44,(anonymous_6)
FN:50,(anonymous_7)
FNF:7
FNH:5
FNDA:2,(anonymous_1)
FNDA:2,(anonymous_2)
FNDA:3,(anonymous_3)
FNDA:1,(anonymous_4)
FNDA:1,(anonymous_5)
FNDA:0,(anonymous_6)
FNDA:0,(anonymous_7)
DA:1,1
DA:2,1
DA:3,1
DA:6,1
DA:7,2
DA:8,2
DA:12,1
DA:13,2
DA:14,2
DA:18,1
DA:19,3
DA:22,3
DA:26,1
DA:27,1
DA:32,1
DA:36,1
DA:37,1
DA:41,1
DA:44,1
DA:45,0
DA:46,0
DA:50,0
DA:55,0
DA:57,0
DA:58,0
LF:25
LH:19
BRF:0
BRH:0
end_of_record
